The system is: Linux - 6.2.0-35-generic - x86_64
Compiling the C compiler identification source file "CMakeCCompilerId.c" succeeded.
Compiler: /usr/bin/cc 
Build flags: 
Id flags:  

The output was:
0


Compilation of the C compiler identification source "CMakeCCompilerId.c" produced "a.out"

The C compiler identification is GNU, found in "/home/user/Vysoká škola/3. Semestr/Projektová praxe/DQBDD/Release/CMakeFiles/3.22.1/CompilerIdC/a.out"

Compiling the CXX compiler identification source file "CMakeCXXCompilerId.cpp" succeeded.
Compiler: /usr/bin/c++ 
Build flags: 
Id flags:  

The output was:
0


Compilation of the CXX compiler identification source "CMakeCXXCompilerId.cpp" produced "a.out"

The CXX compiler identification is GNU, found in "/home/user/Vysoká škola/3. Semestr/Projektová praxe/DQBDD/Release/CMakeFiles/3.22.1/CompilerIdCXX/a.out"

Detecting C compiler ABI info compiled with the following output:
Change Dir: /home/user/Vysoká škola/3. Semestr/Projektová praxe/DQBDD/Release/CMakeFiles/CMakeTmp

Run Build Command(s):/usr/bin/gmake -f Makefile cmTC_5fee4/fast && /usr/bin/gmake  -f CMakeFiles/cmTC_5fee4.dir/build.make CMakeFiles/cmTC_5fee4.dir/build
gmake[1]: Entering directory '/home/user/Vysoká škola/3. Semestr/Projektová praxe/DQBDD/Release/CMakeFiles/CMakeTmp'
Building C object CMakeFiles/cmTC_5fee4.dir/CMakeCCompilerABI.c.o
/usr/bin/cc   -v -o CMakeFiles/cmTC_5fee4.dir/CMakeCCompilerABI.c.o -c /usr/share/cmake-3.22/Modules/CMakeCCompilerABI.c
Using built-in specs.
COLLECT_GCC=/usr/bin/cc
OFFLOAD_TARGET_NAMES=nvptx-none:amdgcn-amdhsa
OFFLOAD_TARGET_DEFAULT=1
Target: x86_64-linux-gnu
Configured with: ../src/configure -v --with-pkgversion='Ubuntu 11.4.0-1ubuntu1~22.04' --with-bugurl=file:///usr/share/doc/gcc-11/README.Bugs --enable-languages=c,ada,c++,go,brig,d,fortran,objc,obj-c++,m2 --prefix=/usr --with-gcc-major-version-only --program-suffix=-11 --program-prefix=x86_64-linux-gnu- --enable-shared --enable-linker-build-id --libexecdir=/usr/lib --without-included-gettext --enable-threads=posix --libdir=/usr/lib --enable-nls --enable-bootstrap --enable-clocale=gnu --enable-libstdcxx-debug --enable-libstdcxx-time=yes --with-default-libstdcxx-abi=new --enable-gnu-unique-object --disable-vtable-verify --enable-plugin --enable-default-pie --with-system-zlib --enable-libphobos-checking=release --with-target-system-zlib=auto --enable-objc-gc=auto --enable-multiarch --disable-werror --enable-cet --with-arch-32=i686 --with-abi=m64 --with-multilib-list=m32,m64,mx32 --enable-multilib --with-tune=generic --enable-offload-targets=nvptx-none=/build/gcc-11-XeT9lY/gcc-11-11.4.0/debian/tmp-nvptx/usr,amdgcn-amdhsa=/build/gcc-11-XeT9lY/gcc-11-11.4.0/debian/tmp-gcn/usr --without-cuda-driver --enable-checking=release --build=x86_64-linux-gnu --host=x86_64-linux-gnu --target=x86_64-linux-gnu --with-build-config=bootstrap-lto-lean --enable-link-serialization=2
Thread model: posix
Supported LTO compression algorithms: zlib zstd
gcc version 11.4.0 (Ubuntu 11.4.0-1ubuntu1~22.04) 
COLLECT_GCC_OPTIONS='-v' '-o' 'CMakeFiles/cmTC_5fee4.dir/CMakeCCompilerABI.c.o' '-c' '-mtune=generic' '-march=x86-64' '-dumpdir' 'CMakeFiles/cmTC_5fee4.dir/'
 /usr/lib/gcc/x86_64-linux-gnu/11/cc1 -quiet -v -imultiarch x86_64-linux-gnu /usr/share/cmake-3.22/Modules/CMakeCCompilerABI.c -quiet -dumpdir CMakeFiles/cmTC_5fee4.dir/ -dumpbase CMakeCCompilerABI.c.c -dumpbase-ext .c -mtune=generic -march=x86-64 -version -fasynchronous-unwind-tables -fstack-protector-strong -Wformat -Wformat-security -fstack-clash-protection -fcf-protection -o /tmp/ccS5PdfF.s
GNU C17 (Ubuntu 11.4.0-1ubuntu1~22.04) version 11.4.0 (x86_64-linux-gnu)
	compiled by GNU C version 11.4.0, GMP version 6.2.1, MPFR version 4.1.0, MPC version 1.2.1, isl version isl-0.24-GMP

GGC heuristics: --param ggc-min-expand=100 --param ggc-min-heapsize=131072
ignoring nonexistent directory "/usr/local/include/x86_64-linux-gnu"
ignoring nonexistent directory "/usr/lib/gcc/x86_64-linux-gnu/11/include-fixed"
ignoring nonexistent directory "/usr/lib/gcc/x86_64-linux-gnu/11/../../../../x86_64-linux-gnu/include"
#include "..." search starts here:
#include <...> search starts here:
 /usr/lib/gcc/x86_64-linux-gnu/11/include
 /usr/local/include
 /usr/include/x86_64-linux-gnu
 /usr/include
End of search list.
GNU C17 (Ubuntu 11.4.0-1ubuntu1~22.04) version 11.4.0 (x86_64-linux-gnu)
	compiled by GNU C version 11.4.0, GMP version 6.2.1, MPFR version 4.1.0, MPC version 1.2.1, isl version isl-0.24-GMP

GGC heuristics: --param ggc-min-expand=100 --param ggc-min-heapsize=131072
Compiler executable checksum: 50eaa2331df977b8016186198deb2d18
COLLECT_GCC_OPTIONS='-v' '-o' 'CMakeFiles/cmTC_5fee4.dir/CMakeCCompilerABI.c.o' '-c' '-mtune=generic' '-march=x86-64' '-dumpdir' 'CMakeFiles/cmTC_5fee4.dir/'
 as -v --64 -o CMakeFiles/cmTC_5fee4.dir/CMakeCCompilerABI.c.o /tmp/ccS5PdfF.s
GNU assembler version 2.38 (x86_64-linux-gnu) using BFD version (GNU Binutils for Ubuntu) 2.38
COMPILER_PATH=/usr/lib/gcc/x86_64-linux-gnu/11/:/usr/lib/gcc/x86_64-linux-gnu/11/:/usr/lib/gcc/x86_64-linux-gnu/:/usr/lib/gcc/x86_64-linux-gnu/11/:/usr/lib/gcc/x86_64-linux-gnu/
LIBRARY_PATH=/usr/lib/gcc/x86_64-linux-gnu/11/:/usr/lib/gcc/x86_64-linux-gnu/11/../../../x86_64-linux-gnu/:/usr/lib/gcc/x86_64-linux-gnu/11/../../../../lib/:/lib/x86_64-linux-gnu/:/lib/../lib/:/usr/lib/x86_64-linux-gnu/:/usr/lib/../lib/:/usr/lib/gcc/x86_64-linux-gnu/11/../../../:/lib/:/usr/lib/
COLLECT_GCC_OPTIONS='-v' '-o' 'CMakeFiles/cmTC_5fee4.dir/CMakeCCompilerABI.c.o' '-c' '-mtune=generic' '-march=x86-64' '-dumpdir' 'CMakeFiles/cmTC_5fee4.dir/CMakeCCompilerABI.c.'
Linking C executable cmTC_5fee4
/usr/bin/cmake -E cmake_link_script CMakeFiles/cmTC_5fee4.dir/link.txt --verbose=1
/usr/bin/cc  -v CMakeFiles/cmTC_5fee4.dir/CMakeCCompilerABI.c.o -o cmTC_5fee4 
Using built-in specs.
COLLECT_GCC=/usr/bin/cc
COLLECT_LTO_WRAPPER=/usr/lib/gcc/x86_64-linux-gnu/11/lto-wrapper
OFFLOAD_TARGET_NAMES=nvptx-none:amdgcn-amdhsa
OFFLOAD_TARGET_DEFAULT=1
Target: x86_64-linux-gnu
Configured with: ../src/configure -v --with-pkgversion='Ubuntu 11.4.0-1ubuntu1~22.04' --with-bugurl=file:///usr/share/doc/gcc-11/README.Bugs --enable-languages=c,ada,c++,go,brig,d,fortran,objc,obj-c++,m2 --prefix=/usr --with-gcc-major-version-only --program-suffix=-11 --program-prefix=x86_64-linux-gnu- --enable-shared --enable-linker-build-id --libexecdir=/usr/lib --without-included-gettext --enable-threads=posix --libdir=/usr/lib --enable-nls --enable-bootstrap --enable-clocale=gnu --enable-libstdcxx-debug --enable-libstdcxx-time=yes --with-default-libstdcxx-abi=new --enable-gnu-unique-object --disable-vtable-verify --enable-plugin --enable-default-pie --with-system-zlib --enable-libphobos-checking=release --with-target-system-zlib=auto --enable-objc-gc=auto --enable-multiarch --disable-werror --enable-cet --with-arch-32=i686 --with-abi=m64 --with-multilib-list=m32,m64,mx32 --enable-multilib --with-tune=generic --enable-offload-targets=nvptx-none=/build/gcc-11-XeT9lY/gcc-11-11.4.0/debian/tmp-nvptx/usr,amdgcn-amdhsa=/build/gcc-11-XeT9lY/gcc-11-11.4.0/debian/tmp-gcn/usr --without-cuda-driver --enable-checking=release --build=x86_64-linux-gnu --host=x86_64-linux-gnu --target=x86_64-linux-gnu --with-build-config=bootstrap-lto-lean --enable-link-serialization=2
Thread model: posix
Supported LTO compression algorithms: zlib zstd
gcc version 11.4.0 (Ubuntu 11.4.0-1ubuntu1~22.04) 
COMPILER_PATH=/usr/lib/gcc/x86_64-linux-gnu/11/:/usr/lib/gcc/x86_64-linux-gnu/11/:/usr/lib/gcc/x86_64-linux-gnu/:/usr/lib/gcc/x86_64-linux-gnu/11/:/usr/lib/gcc/x86_64-linux-gnu/
LIBRARY_PATH=/usr/lib/gcc/x86_64-linux-gnu/11/:/usr/lib/gcc/x86_64-linux-gnu/11/../../../x86_64-linux-gnu/:/usr/lib/gcc/x86_64-linux-gnu/11/../../../../lib/:/lib/x86_64-linux-gnu/:/lib/../lib/:/usr/lib/x86_64-linux-gnu/:/usr/lib/../lib/:/usr/lib/gcc/x86_64-linux-gnu/11/../../../:/lib/:/usr/lib/
COLLECT_GCC_OPTIONS='-v' '-o' 'cmTC_5fee4' '-mtune=generic' '-march=x86-64' '-dumpdir' 'cmTC_5fee4.'
 /usr/lib/gcc/x86_64-linux-gnu/11/collect2 -plugin /usr/lib/gcc/x86_64-linux-gnu/11/liblto_plugin.so -plugin-opt=/usr/lib/gcc/x86_64-linux-gnu/11/lto-wrapper -plugin-opt=-fresolution=/tmp/ccqUGPs0.res -plugin-opt=-pass-through=-lgcc -plugin-opt=-pass-through=-lgcc_s -plugin-opt=-pass-through=-lc -plugin-opt=-pass-through=-lgcc -plugin-opt=-pass-through=-lgcc_s --build-id --eh-frame-hdr -m elf_x86_64 --hash-style=gnu --as-needed -dynamic-linker /lib64/ld-linux-x86-64.so.2 -pie -z now -z relro -o cmTC_5fee4 /usr/lib/gcc/x86_64-linux-gnu/11/../../../x86_64-linux-gnu/Scrt1.o /usr/lib/gcc/x86_64-linux-gnu/11/../../../x86_64-linux-gnu/crti.o /usr/lib/gcc/x86_64-linux-gnu/11/crtbeginS.o -L/usr/lib/gcc/x86_64-linux-gnu/11 -L/usr/lib/gcc/x86_64-linux-gnu/11/../../../x86_64-linux-gnu -L/usr/lib/gcc/x86_64-linux-gnu/11/../../../../lib -L/lib/x86_64-linux-gnu -L/lib/../lib -L/usr/lib/x86_64-linux-gnu -L/usr/lib/../lib -L/usr/lib/gcc/x86_64-linux-gnu/11/../../.. CMakeFiles/cmTC_5fee4.dir/CMakeCCompilerABI.c.o -lgcc --push-state --as-needed -lgcc_s --pop-state -lc -lgcc --push-state --as-needed -lgcc_s --pop-state /usr/lib/gcc/x86_64-linux-gnu/11/crtendS.o /usr/lib/gcc/x86_64-linux-gnu/11/../../../x86_64-linux-gnu/crtn.o
COLLECT_GCC_OPTIONS='-v' '-o' 'cmTC_5fee4' '-mtune=generic' '-march=x86-64' '-dumpdir' 'cmTC_5fee4.'
gmake[1]: Leaving directory '/home/user/Vysoká škola/3. Semestr/Projektová praxe/DQBDD/Release/CMakeFiles/CMakeTmp'



Parsed C implicit include dir info from above output: rv=done
  found start of include info
  found start of implicit include info
    add: [/usr/lib/gcc/x86_64-linux-gnu/11/include]
    add: [/usr/local/include]
    add: [/usr/include/x86_64-linux-gnu]
    add: [/usr/include]
  end of search list found
  collapse include dir [/usr/lib/gcc/x86_64-linux-gnu/11/include] ==> [/usr/lib/gcc/x86_64-linux-gnu/11/include]
  collapse include dir [/usr/local/include] ==> [/usr/local/include]
  collapse include dir [/usr/include/x86_64-linux-gnu] ==> [/usr/include/x86_64-linux-gnu]
  collapse include dir [/usr/include] ==> [/usr/include]
  implicit include dirs: [/usr/lib/gcc/x86_64-linux-gnu/11/include;/usr/local/include;/usr/include/x86_64-linux-gnu;/usr/include]


Parsed C implicit link information from above output:
  link line regex: [^( *|.*[/\])(ld|CMAKE_LINK_STARTFILE-NOTFOUND|([^/\]+-)?ld|collect2)[^/\]*( |$)]
  ignore line: [Change Dir: /home/user/Vysoká škola/3. Semestr/Projektová praxe/DQBDD/Release/CMakeFiles/CMakeTmp]
  ignore line: []
  ignore line: [Run Build Command(s):/usr/bin/gmake -f Makefile cmTC_5fee4/fast && /usr/bin/gmake  -f CMakeFiles/cmTC_5fee4.dir/build.make CMakeFiles/cmTC_5fee4.dir/build]
  ignore line: [gmake[1]: Entering directory '/home/user/Vysoká škola/3. Semestr/Projektová praxe/DQBDD/Release/CMakeFiles/CMakeTmp']
  ignore line: [Building C object CMakeFiles/cmTC_5fee4.dir/CMakeCCompilerABI.c.o]
  ignore line: [/usr/bin/cc   -v -o CMakeFiles/cmTC_5fee4.dir/CMakeCCompilerABI.c.o -c /usr/share/cmake-3.22/Modules/CMakeCCompilerABI.c]
  ignore line: [Using built-in specs.]
  ignore line: [COLLECT_GCC=/usr/bin/cc]
  ignore line: [OFFLOAD_TARGET_NAMES=nvptx-none:amdgcn-amdhsa]
  ignore line: [OFFLOAD_TARGET_DEFAULT=1]
  ignore line: [Target: x86_64-linux-gnu]
  ignore line: [Configured with: ../src/configure -v --with-pkgversion='Ubuntu 11.4.0-1ubuntu1~22.04' --with-bugurl=file:///usr/share/doc/gcc-11/README.Bugs --enable-languages=c ada c++ go brig d fortran objc obj-c++ m2 --prefix=/usr --with-gcc-major-version-only --program-suffix=-11 --program-prefix=x86_64-linux-gnu- --enable-shared --enable-linker-build-id --libexecdir=/usr/lib --without-included-gettext --enable-threads=posix --libdir=/usr/lib --enable-nls --enable-bootstrap --enable-clocale=gnu --enable-libstdcxx-debug --enable-libstdcxx-time=yes --with-default-libstdcxx-abi=new --enable-gnu-unique-object --disable-vtable-verify --enable-plugin --enable-default-pie --with-system-zlib --enable-libphobos-checking=release --with-target-system-zlib=auto --enable-objc-gc=auto --enable-multiarch --disable-werror --enable-cet --with-arch-32=i686 --with-abi=m64 --with-multilib-list=m32 m64 mx32 --enable-multilib --with-tune=generic --enable-offload-targets=nvptx-none=/build/gcc-11-XeT9lY/gcc-11-11.4.0/debian/tmp-nvptx/usr amdgcn-amdhsa=/build/gcc-11-XeT9lY/gcc-11-11.4.0/debian/tmp-gcn/usr --without-cuda-driver --enable-checking=release --build=x86_64-linux-gnu --host=x86_64-linux-gnu --target=x86_64-linux-gnu --with-build-config=bootstrap-lto-lean --enable-link-serialization=2]
  ignore line: [Thread model: posix]
  ignore line: [Supported LTO compression algorithms: zlib zstd]
  ignore line: [gcc version 11.4.0 (Ubuntu 11.4.0-1ubuntu1~22.04) ]
  ignore line: [COLLECT_GCC_OPTIONS='-v' '-o' 'CMakeFiles/cmTC_5fee4.dir/CMakeCCompilerABI.c.o' '-c' '-mtune=generic' '-march=x86-64' '-dumpdir' 'CMakeFiles/cmTC_5fee4.dir/']
  ignore line: [ /usr/lib/gcc/x86_64-linux-gnu/11/cc1 -quiet -v -imultiarch x86_64-linux-gnu /usr/share/cmake-3.22/Modules/CMakeCCompilerABI.c -quiet -dumpdir CMakeFiles/cmTC_5fee4.dir/ -dumpbase CMakeCCompilerABI.c.c -dumpbase-ext .c -mtune=generic -march=x86-64 -version -fasynchronous-unwind-tables -fstack-protector-strong -Wformat -Wformat-security -fstack-clash-protection -fcf-protection -o /tmp/ccS5PdfF.s]
  ignore line: [GNU C17 (Ubuntu 11.4.0-1ubuntu1~22.04) version 11.4.0 (x86_64-linux-gnu)]
  ignore line: [	compiled by GNU C version 11.4.0  GMP version 6.2.1  MPFR version 4.1.0  MPC version 1.2.1  isl version isl-0.24-GMP]
  ignore line: []
  ignore line: [GGC heuristics: --param ggc-min-expand=100 --param ggc-min-heapsize=131072]
  ignore line: [ignoring nonexistent directory "/usr/local/include/x86_64-linux-gnu"]
  ignore line: [ignoring nonexistent directory "/usr/lib/gcc/x86_64-linux-gnu/11/include-fixed"]
  ignore line: [ignoring nonexistent directory "/usr/lib/gcc/x86_64-linux-gnu/11/../../../../x86_64-linux-gnu/include"]
  ignore line: [#include "..." search starts here:]
  ignore line: [#include <...> search starts here:]
  ignore line: [ /usr/lib/gcc/x86_64-linux-gnu/11/include]
  ignore line: [ /usr/local/include]
  ignore line: [ /usr/include/x86_64-linux-gnu]
  ignore line: [ /usr/include]
  ignore line: [End of search list.]
  ignore line: [GNU C17 (Ubuntu 11.4.0-1ubuntu1~22.04) version 11.4.0 (x86_64-linux-gnu)]
  ignore line: [	compiled by GNU C version 11.4.0  GMP version 6.2.1  MPFR version 4.1.0  MPC version 1.2.1  isl version isl-0.24-GMP]
  ignore line: []
  ignore line: [GGC heuristics: --param ggc-min-expand=100 --param ggc-min-heapsize=131072]
  ignore line: [Compiler executable checksum: 50eaa2331df977b8016186198deb2d18]
  ignore line: [COLLECT_GCC_OPTIONS='-v' '-o' 'CMakeFiles/cmTC_5fee4.dir/CMakeCCompilerABI.c.o' '-c' '-mtune=generic' '-march=x86-64' '-dumpdir' 'CMakeFiles/cmTC_5fee4.dir/']
  ignore line: [ as -v --64 -o CMakeFiles/cmTC_5fee4.dir/CMakeCCompilerABI.c.o /tmp/ccS5PdfF.s]
  ignore line: [GNU assembler version 2.38 (x86_64-linux-gnu) using BFD version (GNU Binutils for Ubuntu) 2.38]
  ignore line: [COMPILER_PATH=/usr/lib/gcc/x86_64-linux-gnu/11/:/usr/lib/gcc/x86_64-linux-gnu/11/:/usr/lib/gcc/x86_64-linux-gnu/:/usr/lib/gcc/x86_64-linux-gnu/11/:/usr/lib/gcc/x86_64-linux-gnu/]
  ignore line: [LIBRARY_PATH=/usr/lib/gcc/x86_64-linux-gnu/11/:/usr/lib/gcc/x86_64-linux-gnu/11/../../../x86_64-linux-gnu/:/usr/lib/gcc/x86_64-linux-gnu/11/../../../../lib/:/lib/x86_64-linux-gnu/:/lib/../lib/:/usr/lib/x86_64-linux-gnu/:/usr/lib/../lib/:/usr/lib/gcc/x86_64-linux-gnu/11/../../../:/lib/:/usr/lib/]
  ignore line: [COLLECT_GCC_OPTIONS='-v' '-o' 'CMakeFiles/cmTC_5fee4.dir/CMakeCCompilerABI.c.o' '-c' '-mtune=generic' '-march=x86-64' '-dumpdir' 'CMakeFiles/cmTC_5fee4.dir/CMakeCCompilerABI.c.']
  ignore line: [Linking C executable cmTC_5fee4]
  ignore line: [/usr/bin/cmake -E cmake_link_script CMakeFiles/cmTC_5fee4.dir/link.txt --verbose=1]
  ignore line: [/usr/bin/cc  -v CMakeFiles/cmTC_5fee4.dir/CMakeCCompilerABI.c.o -o cmTC_5fee4 ]
  ignore line: [Using built-in specs.]
  ignore line: [COLLECT_GCC=/usr/bin/cc]
  ignore line: [COLLECT_LTO_WRAPPER=/usr/lib/gcc/x86_64-linux-gnu/11/lto-wrapper]
  ignore line: [OFFLOAD_TARGET_NAMES=nvptx-none:amdgcn-amdhsa]
  ignore line: [OFFLOAD_TARGET_DEFAULT=1]
  ignore line: [Target: x86_64-linux-gnu]
  ignore line: [Configured with: ../src/configure -v --with-pkgversion='Ubuntu 11.4.0-1ubuntu1~22.04' --with-bugurl=file:///usr/share/doc/gcc-11/README.Bugs --enable-languages=c ada c++ go brig d fortran objc obj-c++ m2 --prefix=/usr --with-gcc-major-version-only --program-suffix=-11 --program-prefix=x86_64-linux-gnu- --enable-shared --enable-linker-build-id --libexecdir=/usr/lib --without-included-gettext --enable-threads=posix --libdir=/usr/lib --enable-nls --enable-bootstrap --enable-clocale=gnu --enable-libstdcxx-debug --enable-libstdcxx-time=yes --with-default-libstdcxx-abi=new --enable-gnu-unique-object --disable-vtable-verify --enable-plugin --enable-default-pie --with-system-zlib --enable-libphobos-checking=release --with-target-system-zlib=auto --enable-objc-gc=auto --enable-multiarch --disable-werror --enable-cet --with-arch-32=i686 --with-abi=m64 --with-multilib-list=m32 m64 mx32 --enable-multilib --with-tune=generic --enable-offload-targets=nvptx-none=/build/gcc-11-XeT9lY/gcc-11-11.4.0/debian/tmp-nvptx/usr amdgcn-amdhsa=/build/gcc-11-XeT9lY/gcc-11-11.4.0/debian/tmp-gcn/usr --without-cuda-driver --enable-checking=release --build=x86_64-linux-gnu --host=x86_64-linux-gnu --target=x86_64-linux-gnu --with-build-config=bootstrap-lto-lean --enable-link-serialization=2]
  ignore line: [Thread model: posix]
  ignore line: [Supported LTO compression algorithms: zlib zstd]
  ignore line: [gcc version 11.4.0 (Ubuntu 11.4.0-1ubuntu1~22.04) ]
  ignore line: [COMPILER_PATH=/usr/lib/gcc/x86_64-linux-gnu/11/:/usr/lib/gcc/x86_64-linux-gnu/11/:/usr/lib/gcc/x86_64-linux-gnu/:/usr/lib/gcc/x86_64-linux-gnu/11/:/usr/lib/gcc/x86_64-linux-gnu/]
  ignore line: [LIBRARY_PATH=/usr/lib/gcc/x86_64-linux-gnu/11/:/usr/lib/gcc/x86_64-linux-gnu/11/../../../x86_64-linux-gnu/:/usr/lib/gcc/x86_64-linux-gnu/11/../../../../lib/:/lib/x86_64-linux-gnu/:/lib/../lib/:/usr/lib/x86_64-linux-gnu/:/usr/lib/../lib/:/usr/lib/gcc/x86_64-linux-gnu/11/../../../:/lib/:/usr/lib/]
  ignore line: [COLLECT_GCC_OPTIONS='-v' '-o' 'cmTC_5fee4' '-mtune=generic' '-march=x86-64' '-dumpdir' 'cmTC_5fee4.']
  link line: [ /usr/lib/gcc/x86_64-linux-gnu/11/collect2 -plugin /usr/lib/gcc/x86_64-linux-gnu/11/liblto_plugin.so -plugin-opt=/usr/lib/gcc/x86_64-linux-gnu/11/lto-wrapper -plugin-opt=-fresolution=/tmp/ccqUGPs0.res -plugin-opt=-pass-through=-lgcc -plugin-opt=-pass-through=-lgcc_s -plugin-opt=-pass-through=-lc -plugin-opt=-pass-through=-lgcc -plugin-opt=-pass-through=-lgcc_s --build-id --eh-frame-hdr -m elf_x86_64 --hash-style=gnu --as-needed -dynamic-linker /lib64/ld-linux-x86-64.so.2 -pie -z now -z relro -o cmTC_5fee4 /usr/lib/gcc/x86_64-linux-gnu/11/../../../x86_64-linux-gnu/Scrt1.o /usr/lib/gcc/x86_64-linux-gnu/11/../../../x86_64-linux-gnu/crti.o /usr/lib/gcc/x86_64-linux-gnu/11/crtbeginS.o -L/usr/lib/gcc/x86_64-linux-gnu/11 -L/usr/lib/gcc/x86_64-linux-gnu/11/../../../x86_64-linux-gnu -L/usr/lib/gcc/x86_64-linux-gnu/11/../../../../lib -L/lib/x86_64-linux-gnu -L/lib/../lib -L/usr/lib/x86_64-linux-gnu -L/usr/lib/../lib -L/usr/lib/gcc/x86_64-linux-gnu/11/../../.. CMakeFiles/cmTC_5fee4.dir/CMakeCCompilerABI.c.o -lgcc --push-state --as-needed -lgcc_s --pop-state -lc -lgcc --push-state --as-needed -lgcc_s --pop-state /usr/lib/gcc/x86_64-linux-gnu/11/crtendS.o /usr/lib/gcc/x86_64-linux-gnu/11/../../../x86_64-linux-gnu/crtn.o]
    arg [/usr/lib/gcc/x86_64-linux-gnu/11/collect2] ==> ignore
    arg [-plugin] ==> ignore
    arg [/usr/lib/gcc/x86_64-linux-gnu/11/liblto_plugin.so] ==> ignore
    arg [-plugin-opt=/usr/lib/gcc/x86_64-linux-gnu/11/lto-wrapper] ==> ignore
    arg [-plugin-opt=-fresolution=/tmp/ccqUGPs0.res] ==> ignore
    arg [-plugin-opt=-pass-through=-lgcc] ==> ignore
    arg [-plugin-opt=-pass-through=-lgcc_s] ==> ignore
    arg [-plugin-opt=-pass-through=-lc] ==> ignore
    arg [-plugin-opt=-pass-through=-lgcc] ==> ignore
    arg [-plugin-opt=-pass-through=-lgcc_s] ==> ignore
    arg [--build-id] ==> ignore
    arg [--eh-frame-hdr] ==> ignore
    arg [-m] ==> ignore
    arg [elf_x86_64] ==> ignore
    arg [--hash-style=gnu] ==> ignore
    arg [--as-needed] ==> ignore
    arg [-dynamic-linker] ==> ignore
    arg [/lib64/ld-linux-x86-64.so.2] ==> ignore
    arg [-pie] ==> ignore
    arg [-znow] ==> ignore
    arg [-zrelro] ==> ignore
    arg [-o] ==> ignore
    arg [cmTC_5fee4] ==> ignore
    arg [/usr/lib/gcc/x86_64-linux-gnu/11/../../../x86_64-linux-gnu/Scrt1.o] ==> obj [/usr/lib/gcc/x86_64-linux-gnu/11/../../../x86_64-linux-gnu/Scrt1.o]
    arg [/usr/lib/gcc/x86_64-linux-gnu/11/../../../x86_64-linux-gnu/crti.o] ==> obj [/usr/lib/gcc/x86_64-linux-gnu/11/../../../x86_64-linux-gnu/crti.o]
    arg [/usr/lib/gcc/x86_64-linux-gnu/11/crtbeginS.o] ==> obj [/usr/lib/gcc/x86_64-linux-gnu/11/crtbeginS.o]
    arg [-L/usr/lib/gcc/x86_64-linux-gnu/11] ==> dir [/usr/lib/gcc/x86_64-linux-gnu/11]
    arg [-L/usr/lib/gcc/x86_64-linux-gnu/11/../../../x86_64-linux-gnu] ==> dir [/usr/lib/gcc/x86_64-linux-gnu/11/../../../x86_64-linux-gnu]
    arg [-L/usr/lib/gcc/x86_64-linux-gnu/11/../../../../lib] ==> dir [/usr/lib/gcc/x86_64-linux-gnu/11/../../../../lib]
    arg [-L/lib/x86_64-linux-gnu] ==> dir [/lib/x86_64-linux-gnu]
    arg [-L/lib/../lib] ==> dir [/lib/../lib]
    arg [-L/usr/lib/x86_64-linux-gnu] ==> dir [/usr/lib/x86_64-linux-gnu]
    arg [-L/usr/lib/../lib] ==> dir [/usr/lib/../lib]
    arg [-L/usr/lib/gcc/x86_64-linux-gnu/11/../../..] ==> dir [/usr/lib/gcc/x86_64-linux-gnu/11/../../..]
    arg [CMakeFiles/cmTC_5fee4.dir/CMakeCCompilerABI.c.o] ==> ignore
    arg [-lgcc] ==> lib [gcc]
    arg [--push-state] ==> ignore
    arg [--as-needed] ==> ignore
    arg [-lgcc_s] ==> lib [gcc_s]
    arg [--pop-state] ==> ignore
    arg [-lc] ==> lib [c]
    arg [-lgcc] ==> lib [gcc]
    arg [--push-state] ==> ignore
    arg [--as-needed] ==> ignore
    arg [-lgcc_s] ==> lib [gcc_s]
    arg [--pop-state] ==> ignore
    arg [/usr/lib/gcc/x86_64-linux-gnu/11/crtendS.o] ==> obj [/usr/lib/gcc/x86_64-linux-gnu/11/crtendS.o]
    arg [/usr/lib/gcc/x86_64-linux-gnu/11/../../../x86_64-linux-gnu/crtn.o] ==> obj [/usr/lib/gcc/x86_64-linux-gnu/11/../../../x86_64-linux-gnu/crtn.o]
  collapse obj [/usr/lib/gcc/x86_64-linux-gnu/11/../../../x86_64-linux-gnu/Scrt1.o] ==> [/usr/lib/x86_64-linux-gnu/Scrt1.o]
  collapse obj [/usr/lib/gcc/x86_64-linux-gnu/11/../../../x86_64-linux-gnu/crti.o] ==> [/usr/lib/x86_64-linux-gnu/crti.o]
  collapse obj [/usr/lib/gcc/x86_64-linux-gnu/11/../../../x86_64-linux-gnu/crtn.o] ==> [/usr/lib/x86_64-linux-gnu/crtn.o]
  collapse library dir [/usr/lib/gcc/x86_64-linux-gnu/11] ==> [/usr/lib/gcc/x86_64-linux-gnu/11]
  collapse library dir [/usr/lib/gcc/x86_64-linux-gnu/11/../../../x86_64-linux-gnu] ==> [/usr/lib/x86_64-linux-gnu]
  collapse library dir [/usr/lib/gcc/x86_64-linux-gnu/11/../../../../lib] ==> [/usr/lib]
  collapse library dir [/lib/x86_64-linux-gnu] ==> [/lib/x86_64-linux-gnu]
  collapse library dir [/lib/../lib] ==> [/lib]
  collapse library dir [/usr/lib/x86_64-linux-gnu] ==> [/usr/lib/x86_64-linux-gnu]
  collapse library dir [/usr/lib/../lib] ==> [/usr/lib]
  collapse library dir [/usr/lib/gcc/x86_64-linux-gnu/11/../../..] ==> [/usr/lib]
  implicit libs: [gcc;gcc_s;c;gcc;gcc_s]
  implicit objs: [/usr/lib/x86_64-linux-gnu/Scrt1.o;/usr/lib/x86_64-linux-gnu/crti.o;/usr/lib/gcc/x86_64-linux-gnu/11/crtbeginS.o;/usr/lib/gcc/x86_64-linux-gnu/11/crtendS.o;/usr/lib/x86_64-linux-gnu/crtn.o]
  implicit dirs: [/usr/lib/gcc/x86_64-linux-gnu/11;/usr/lib/x86_64-linux-gnu;/usr/lib;/lib/x86_64-linux-gnu;/lib]
  implicit fwks: []


Detecting CXX compiler ABI info compiled with the following output:
Change Dir: /home/user/Vysoká škola/3. Semestr/Projektová praxe/DQBDD/Release/CMakeFiles/CMakeTmp

Run Build Command(s):/usr/bin/gmake -f Makefile cmTC_a9989/fast && /usr/bin/gmake  -f CMakeFiles/cmTC_a9989.dir/build.make CMakeFiles/cmTC_a9989.dir/build
gmake[1]: Entering directory '/home/user/Vysoká škola/3. Semestr/Projektová praxe/DQBDD/Release/CMakeFiles/CMakeTmp'
Building CXX object CMakeFiles/cmTC_a9989.dir/CMakeCXXCompilerABI.cpp.o
/usr/bin/c++   -v -o CMakeFiles/cmTC_a9989.dir/CMakeCXXCompilerABI.cpp.o -c /usr/share/cmake-3.22/Modules/CMakeCXXCompilerABI.cpp
Using built-in specs.
COLLECT_GCC=/usr/bin/c++
OFFLOAD_TARGET_NAMES=nvptx-none:amdgcn-amdhsa
OFFLOAD_TARGET_DEFAULT=1
Target: x86_64-linux-gnu
Configured with: ../src/configure -v --with-pkgversion='Ubuntu 11.4.0-1ubuntu1~22.04' --with-bugurl=file:///usr/share/doc/gcc-11/README.Bugs --enable-languages=c,ada,c++,go,brig,d,fortran,objc,obj-c++,m2 --prefix=/usr --with-gcc-major-version-only --program-suffix=-11 --program-prefix=x86_64-linux-gnu- --enable-shared --enable-linker-build-id --libexecdir=/usr/lib --without-included-gettext --enable-threads=posix --libdir=/usr/lib --enable-nls --enable-bootstrap --enable-clocale=gnu --enable-libstdcxx-debug --enable-libstdcxx-time=yes --with-default-libstdcxx-abi=new --enable-gnu-unique-object --disable-vtable-verify --enable-plugin --enable-default-pie --with-system-zlib --enable-libphobos-checking=release --with-target-system-zlib=auto --enable-objc-gc=auto --enable-multiarch --disable-werror --enable-cet --with-arch-32=i686 --with-abi=m64 --with-multilib-list=m32,m64,mx32 --enable-multilib --with-tune=generic --enable-offload-targets=nvptx-none=/build/gcc-11-XeT9lY/gcc-11-11.4.0/debian/tmp-nvptx/usr,amdgcn-amdhsa=/build/gcc-11-XeT9lY/gcc-11-11.4.0/debian/tmp-gcn/usr --without-cuda-driver --enable-checking=release --build=x86_64-linux-gnu --host=x86_64-linux-gnu --target=x86_64-linux-gnu --with-build-config=bootstrap-lto-lean --enable-link-serialization=2
Thread model: posix
Supported LTO compression algorithms: zlib zstd
gcc version 11.4.0 (Ubuntu 11.4.0-1ubuntu1~22.04) 
COLLECT_GCC_OPTIONS='-v' '-o' 'CMakeFiles/cmTC_a9989.dir/CMakeCXXCompilerABI.cpp.o' '-c' '-shared-libgcc' '-mtune=generic' '-march=x86-64' '-dumpdir' 'CMakeFiles/cmTC_a9989.dir/'
 /usr/lib/gcc/x86_64-linux-gnu/11/cc1plus -quiet -v -imultiarch x86_64-linux-gnu -D_GNU_SOURCE /usr/share/cmake-3.22/Modules/CMakeCXXCompilerABI.cpp -quiet -dumpdir CMakeFiles/cmTC_a9989.dir/ -dumpbase CMakeCXXCompilerABI.cpp.cpp -dumpbase-ext .cpp -mtune=generic -march=x86-64 -version -fasynchronous-unwind-tables -fstack-protector-strong -Wformat -Wformat-security -fstack-clash-protection -fcf-protection -o /tmp/cceohEdG.s
GNU C++17 (Ubuntu 11.4.0-1ubuntu1~22.04) version 11.4.0 (x86_64-linux-gnu)
	compiled by GNU C version 11.4.0, GMP version 6.2.1, MPFR version 4.1.0, MPC version 1.2.1, isl version isl-0.24-GMP

GGC heuristics: --param ggc-min-expand=100 --param ggc-min-heapsize=131072
ignoring duplicate directory "/usr/include/x86_64-linux-gnu/c++/11"
ignoring nonexistent directory "/usr/local/include/x86_64-linux-gnu"
ignoring nonexistent directory "/usr/lib/gcc/x86_64-linux-gnu/11/include-fixed"
ignoring nonexistent directory "/usr/lib/gcc/x86_64-linux-gnu/11/../../../../x86_64-linux-gnu/include"
#include "..." search starts here:
#include <...> search starts here:
 /usr/include/c++/11
 /usr/include/x86_64-linux-gnu/c++/11
 /usr/include/c++/11/backward
 /usr/lib/gcc/x86_64-linux-gnu/11/include
 /usr/local/include
 /usr/include/x86_64-linux-gnu
 /usr/include
End of search list.
GNU C++17 (Ubuntu 11.4.0-1ubuntu1~22.04) version 11.4.0 (x86_64-linux-gnu)
	compiled by GNU C version 11.4.0, GMP version 6.2.1, MPFR version 4.1.0, MPC version 1.2.1, isl version isl-0.24-GMP

GGC heuristics: --param ggc-min-expand=100 --param ggc-min-heapsize=131072
Compiler executable checksum: d591828bb4d392ae8b7b160e5bb0b95f
COLLECT_GCC_OPTIONS='-v' '-o' 'CMakeFiles/cmTC_a9989.dir/CMakeCXXCompilerABI.cpp.o' '-c' '-shared-libgcc' '-mtune=generic' '-march=x86-64' '-dumpdir' 'CMakeFiles/cmTC_a9989.dir/'
 as -v --64 -o CMakeFiles/cmTC_a9989.dir/CMakeCXXCompilerABI.cpp.o /tmp/cceohEdG.s
GNU assembler version 2.38 (x86_64-linux-gnu) using BFD version (GNU Binutils for Ubuntu) 2.38
COMPILER_PATH=/usr/lib/gcc/x86_64-linux-gnu/11/:/usr/lib/gcc/x86_64-linux-gnu/11/:/usr/lib/gcc/x86_64-linux-gnu/:/usr/lib/gcc/x86_64-linux-gnu/11/:/usr/lib/gcc/x86_64-linux-gnu/
LIBRARY_PATH=/usr/lib/gcc/x86_64-linux-gnu/11/:/usr/lib/gcc/x86_64-linux-gnu/11/../../../x86_64-linux-gnu/:/usr/lib/gcc/x86_64-linux-gnu/11/../../../../lib/:/lib/x86_64-linux-gnu/:/lib/../lib/:/usr/lib/x86_64-linux-gnu/:/usr/lib/../lib/:/usr/lib/gcc/x86_64-linux-gnu/11/../../../:/lib/:/usr/lib/
COLLECT_GCC_OPTIONS='-v' '-o' 'CMakeFiles/cmTC_a9989.dir/CMakeCXXCompilerABI.cpp.o' '-c' '-shared-libgcc' '-mtune=generic' '-march=x86-64' '-dumpdir' 'CMakeFiles/cmTC_a9989.dir/CMakeCXXCompilerABI.cpp.'
Linking CXX executable cmTC_a9989
/usr/bin/cmake -E cmake_link_script CMakeFiles/cmTC_a9989.dir/link.txt --verbose=1
/usr/bin/c++  -v CMakeFiles/cmTC_a9989.dir/CMakeCXXCompilerABI.cpp.o -o cmTC_a9989 
Using built-in specs.
COLLECT_GCC=/usr/bin/c++
COLLECT_LTO_WRAPPER=/usr/lib/gcc/x86_64-linux-gnu/11/lto-wrapper
OFFLOAD_TARGET_NAMES=nvptx-none:amdgcn-amdhsa
OFFLOAD_TARGET_DEFAULT=1
Target: x86_64-linux-gnu
Configured with: ../src/configure -v --with-pkgversion='Ubuntu 11.4.0-1ubuntu1~22.04' --with-bugurl=file:///usr/share/doc/gcc-11/README.Bugs --enable-languages=c,ada,c++,go,brig,d,fortran,objc,obj-c++,m2 --prefix=/usr --with-gcc-major-version-only --program-suffix=-11 --program-prefix=x86_64-linux-gnu- --enable-shared --enable-linker-build-id --libexecdir=/usr/lib --without-included-gettext --enable-threads=posix --libdir=/usr/lib --enable-nls --enable-bootstrap --enable-clocale=gnu --enable-libstdcxx-debug --enable-libstdcxx-time=yes --with-default-libstdcxx-abi=new --enable-gnu-unique-object --disable-vtable-verify --enable-plugin --enable-default-pie --with-system-zlib --enable-libphobos-checking=release --with-target-system-zlib=auto --enable-objc-gc=auto --enable-multiarch --disable-werror --enable-cet --with-arch-32=i686 --with-abi=m64 --with-multilib-list=m32,m64,mx32 --enable-multilib --with-tune=generic --enable-offload-targets=nvptx-none=/build/gcc-11-XeT9lY/gcc-11-11.4.0/debian/tmp-nvptx/usr,amdgcn-amdhsa=/build/gcc-11-XeT9lY/gcc-11-11.4.0/debian/tmp-gcn/usr --without-cuda-driver --enable-checking=release --build=x86_64-linux-gnu --host=x86_64-linux-gnu --target=x86_64-linux-gnu --with-build-config=bootstrap-lto-lean --enable-link-serialization=2
Thread model: posix
Supported LTO compression algorithms: zlib zstd
gcc version 11.4.0 (Ubuntu 11.4.0-1ubuntu1~22.04) 
COMPILER_PATH=/usr/lib/gcc/x86_64-linux-gnu/11/:/usr/lib/gcc/x86_64-linux-gnu/11/:/usr/lib/gcc/x86_64-linux-gnu/:/usr/lib/gcc/x86_64-linux-gnu/11/:/usr/lib/gcc/x86_64-linux-gnu/
LIBRARY_PATH=/usr/lib/gcc/x86_64-linux-gnu/11/:/usr/lib/gcc/x86_64-linux-gnu/11/../../../x86_64-linux-gnu/:/usr/lib/gcc/x86_64-linux-gnu/11/../../../../lib/:/lib/x86_64-linux-gnu/:/lib/../lib/:/usr/lib/x86_64-linux-gnu/:/usr/lib/../lib/:/usr/lib/gcc/x86_64-linux-gnu/11/../../../:/lib/:/usr/lib/
COLLECT_GCC_OPTIONS='-v' '-o' 'cmTC_a9989' '-shared-libgcc' '-mtune=generic' '-march=x86-64' '-dumpdir' 'cmTC_a9989.'
 /usr/lib/gcc/x86_64-linux-gnu/11/collect2 -plugin /usr/lib/gcc/x86_64-linux-gnu/11/liblto_plugin.so -plugin-opt=/usr/lib/gcc/x86_64-linux-gnu/11/lto-wrapper -plugin-opt=-fresolution=/tmp/cc1CCxu4.res -plugin-opt=-pass-through=-lgcc_s -plugin-opt=-pass-through=-lgcc -plugin-opt=-pass-through=-lc -plugin-opt=-pass-through=-lgcc_s -plugin-opt=-pass-through=-lgcc --build-id --eh-frame-hdr -m elf_x86_64 --hash-style=gnu --as-needed -dynamic-linker /lib64/ld-linux-x86-64.so.2 -pie -z now -z relro -o cmTC_a9989 /usr/lib/gcc/x86_64-linux-gnu/11/../../../x86_64-linux-gnu/Scrt1.o /usr/lib/gcc/x86_64-linux-gnu/11/../../../x86_64-linux-gnu/crti.o /usr/lib/gcc/x86_64-linux-gnu/11/crtbeginS.o -L/usr/lib/gcc/x86_64-linux-gnu/11 -L/usr/lib/gcc/x86_64-linux-gnu/11/../../../x86_64-linux-gnu -L/usr/lib/gcc/x86_64-linux-gnu/11/../../../../lib -L/lib/x86_64-linux-gnu -L/lib/../lib -L/usr/lib/x86_64-linux-gnu -L/usr/lib/../lib -L/usr/lib/gcc/x86_64-linux-gnu/11/../../.. CMakeFiles/cmTC_a9989.dir/CMakeCXXCompilerABI.cpp.o -lstdc++ -lm -lgcc_s -lgcc -lc -lgcc_s -lgcc /usr/lib/gcc/x86_64-linux-gnu/11/crtendS.o /usr/lib/gcc/x86_64-linux-gnu/11/../../../x86_64-linux-gnu/crtn.o
COLLECT_GCC_OPTIONS='-v' '-o' 'cmTC_a9989' '-shared-libgcc' '-mtune=generic' '-march=x86-64' '-dumpdir' 'cmTC_a9989.'
gmake[1]: Leaving directory '/home/user/Vysoká škola/3. Semestr/Projektová praxe/DQBDD/Release/CMakeFiles/CMakeTmp'



Parsed CXX implicit include dir info from above output: rv=done
  found start of include info
  found start of implicit include info
    add: [/usr/include/c++/11]
    add: [/usr/include/x86_64-linux-gnu/c++/11]
    add: [/usr/include/c++/11/backward]
    add: [/usr/lib/gcc/x86_64-linux-gnu/11/include]
    add: [/usr/local/include]
    add: [/usr/include/x86_64-linux-gnu]
    add: [/usr/include]
  end of search list found
  collapse include dir [/usr/include/c++/11] ==> [/usr/include/c++/11]
  collapse include dir [/usr/include/x86_64-linux-gnu/c++/11] ==> [/usr/include/x86_64-linux-gnu/c++/11]
  collapse include dir [/usr/include/c++/11/backward] ==> [/usr/include/c++/11/backward]
  collapse include dir [/usr/lib/gcc/x86_64-linux-gnu/11/include] ==> [/usr/lib/gcc/x86_64-linux-gnu/11/include]
  collapse include dir [/usr/local/include] ==> [/usr/local/include]
  collapse include dir [/usr/include/x86_64-linux-gnu] ==> [/usr/include/x86_64-linux-gnu]
  collapse include dir [/usr/include] ==> [/usr/include]
  implicit include dirs: [/usr/include/c++/11;/usr/include/x86_64-linux-gnu/c++/11;/usr/include/c++/11/backward;/usr/lib/gcc/x86_64-linux-gnu/11/include;/usr/local/include;/usr/include/x86_64-linux-gnu;/usr/include]


Parsed CXX implicit link information from above output:
  link line regex: [^( *|.*[/\])(ld|CMAKE_LINK_STARTFILE-NOTFOUND|([^/\]+-)?ld|collect2)[^/\]*( |$)]
  ignore line: [Change Dir: /home/user/Vysoká škola/3. Semestr/Projektová praxe/DQBDD/Release/CMakeFiles/CMakeTmp]
  ignore line: []
  ignore line: [Run Build Command(s):/usr/bin/gmake -f Makefile cmTC_a9989/fast && /usr/bin/gmake  -f CMakeFiles/cmTC_a9989.dir/build.make CMakeFiles/cmTC_a9989.dir/build]
  ignore line: [gmake[1]: Entering directory '/home/user/Vysoká škola/3. Semestr/Projektová praxe/DQBDD/Release/CMakeFiles/CMakeTmp']
  ignore line: [Building CXX object CMakeFiles/cmTC_a9989.dir/CMakeCXXCompilerABI.cpp.o]
  ignore line: [/usr/bin/c++   -v -o CMakeFiles/cmTC_a9989.dir/CMakeCXXCompilerABI.cpp.o -c /usr/share/cmake-3.22/Modules/CMakeCXXCompilerABI.cpp]
  ignore line: [Using built-in specs.]
  ignore line: [COLLECT_GCC=/usr/bin/c++]
  ignore line: [OFFLOAD_TARGET_NAMES=nvptx-none:amdgcn-amdhsa]
  ignore line: [OFFLOAD_TARGET_DEFAULT=1]
  ignore line: [Target: x86_64-linux-gnu]
  ignore line: [Configured with: ../src/configure -v --with-pkgversion='Ubuntu 11.4.0-1ubuntu1~22.04' --with-bugurl=file:///usr/share/doc/gcc-11/README.Bugs --enable-languages=c ada c++ go brig d fortran objc obj-c++ m2 --prefix=/usr --with-gcc-major-version-only --program-suffix=-11 --program-prefix=x86_64-linux-gnu- --enable-shared --enable-linker-build-id --libexecdir=/usr/lib --without-included-gettext --enable-threads=posix --libdir=/usr/lib --enable-nls --enable-bootstrap --enable-clocale=gnu --enable-libstdcxx-debug --enable-libstdcxx-time=yes --with-default-libstdcxx-abi=new --enable-gnu-unique-object --disable-vtable-verify --enable-plugin --enable-default-pie --with-system-zlib --enable-libphobos-checking=release --with-target-system-zlib=auto --enable-objc-gc=auto --enable-multiarch --disable-werror --enable-cet --with-arch-32=i686 --with-abi=m64 --with-multilib-list=m32 m64 mx32 --enable-multilib --with-tune=generic --enable-offload-targets=nvptx-none=/build/gcc-11-XeT9lY/gcc-11-11.4.0/debian/tmp-nvptx/usr amdgcn-amdhsa=/build/gcc-11-XeT9lY/gcc-11-11.4.0/debian/tmp-gcn/usr --without-cuda-driver --enable-checking=release --build=x86_64-linux-gnu --host=x86_64-linux-gnu --target=x86_64-linux-gnu --with-build-config=bootstrap-lto-lean --enable-link-serialization=2]
  ignore line: [Thread model: posix]
  ignore line: [Supported LTO compression algorithms: zlib zstd]
  ignore line: [gcc version 11.4.0 (Ubuntu 11.4.0-1ubuntu1~22.04) ]
  ignore line: [COLLECT_GCC_OPTIONS='-v' '-o' 'CMakeFiles/cmTC_a9989.dir/CMakeCXXCompilerABI.cpp.o' '-c' '-shared-libgcc' '-mtune=generic' '-march=x86-64' '-dumpdir' 'CMakeFiles/cmTC_a9989.dir/']
  ignore line: [ /usr/lib/gcc/x86_64-linux-gnu/11/cc1plus -quiet -v -imultiarch x86_64-linux-gnu -D_GNU_SOURCE /usr/share/cmake-3.22/Modules/CMakeCXXCompilerABI.cpp -quiet -dumpdir CMakeFiles/cmTC_a9989.dir/ -dumpbase CMakeCXXCompilerABI.cpp.cpp -dumpbase-ext .cpp -mtune=generic -march=x86-64 -version -fasynchronous-unwind-tables -fstack-protector-strong -Wformat -Wformat-security -fstack-clash-protection -fcf-protection -o /tmp/cceohEdG.s]
  ignore line: [GNU C++17 (Ubuntu 11.4.0-1ubuntu1~22.04) version 11.4.0 (x86_64-linux-gnu)]
  ignore line: [	compiled by GNU C version 11.4.0  GMP version 6.2.1  MPFR version 4.1.0  MPC version 1.2.1  isl version isl-0.24-GMP]
  ignore line: []
  ignore line: [GGC heuristics: --param ggc-min-expand=100 --param ggc-min-heapsize=131072]
  ignore line: [ignoring duplicate directory "/usr/include/x86_64-linux-gnu/c++/11"]
  ignore line: [ignoring nonexistent directory "/usr/local/include/x86_64-linux-gnu"]
  ignore line: [ignoring nonexistent directory "/usr/lib/gcc/x86_64-linux-gnu/11/include-fixed"]
  ignore line: [ignoring nonexistent directory "/usr/lib/gcc/x86_64-linux-gnu/11/../../../../x86_64-linux-gnu/include"]
  ignore line: [#include "..." search starts here:]
  ignore line: [#include <...> search starts here:]
  ignore line: [ /usr/include/c++/11]
  ignore line: [ /usr/include/x86_64-linux-gnu/c++/11]
  ignore line: [ /usr/include/c++/11/backward]
  ignore line: [ /usr/lib/gcc/x86_64-linux-gnu/11/include]
  ignore line: [ /usr/local/include]
  ignore line: [ /usr/include/x86_64-linux-gnu]
  ignore line: [ /usr/include]
  ignore line: [End of search list.]
  ignore line: [GNU C++17 (Ubuntu 11.4.0-1ubuntu1~22.04) version 11.4.0 (x86_64-linux-gnu)]
  ignore line: [	compiled by GNU C version 11.4.0  GMP version 6.2.1  MPFR version 4.1.0  MPC version 1.2.1  isl version isl-0.24-GMP]
  ignore line: []
  ignore line: [GGC heuristics: --param ggc-min-expand=100 --param ggc-min-heapsize=131072]
  ignore line: [Compiler executable checksum: d591828bb4d392ae8b7b160e5bb0b95f]
  ignore line: [COLLECT_GCC_OPTIONS='-v' '-o' 'CMakeFiles/cmTC_a9989.dir/CMakeCXXCompilerABI.cpp.o' '-c' '-shared-libgcc' '-mtune=generic' '-march=x86-64' '-dumpdir' 'CMakeFiles/cmTC_a9989.dir/']
  ignore line: [ as -v --64 -o CMakeFiles/cmTC_a9989.dir/CMakeCXXCompilerABI.cpp.o /tmp/cceohEdG.s]
  ignore line: [GNU assembler version 2.38 (x86_64-linux-gnu) using BFD version (GNU Binutils for Ubuntu) 2.38]
  ignore line: [COMPILER_PATH=/usr/lib/gcc/x86_64-linux-gnu/11/:/usr/lib/gcc/x86_64-linux-gnu/11/:/usr/lib/gcc/x86_64-linux-gnu/:/usr/lib/gcc/x86_64-linux-gnu/11/:/usr/lib/gcc/x86_64-linux-gnu/]
  ignore line: [LIBRARY_PATH=/usr/lib/gcc/x86_64-linux-gnu/11/:/usr/lib/gcc/x86_64-linux-gnu/11/../../../x86_64-linux-gnu/:/usr/lib/gcc/x86_64-linux-gnu/11/../../../../lib/:/lib/x86_64-linux-gnu/:/lib/../lib/:/usr/lib/x86_64-linux-gnu/:/usr/lib/../lib/:/usr/lib/gcc/x86_64-linux-gnu/11/../../../:/lib/:/usr/lib/]
  ignore line: [COLLECT_GCC_OPTIONS='-v' '-o' 'CMakeFiles/cmTC_a9989.dir/CMakeCXXCompilerABI.cpp.o' '-c' '-shared-libgcc' '-mtune=generic' '-march=x86-64' '-dumpdir' 'CMakeFiles/cmTC_a9989.dir/CMakeCXXCompilerABI.cpp.']
  ignore line: [Linking CXX executable cmTC_a9989]
  ignore line: [/usr/bin/cmake -E cmake_link_script CMakeFiles/cmTC_a9989.dir/link.txt --verbose=1]
  ignore line: [/usr/bin/c++  -v CMakeFiles/cmTC_a9989.dir/CMakeCXXCompilerABI.cpp.o -o cmTC_a9989 ]
  ignore line: [Using built-in specs.]
  ignore line: [COLLECT_GCC=/usr/bin/c++]
  ignore line: [COLLECT_LTO_WRAPPER=/usr/lib/gcc/x86_64-linux-gnu/11/lto-wrapper]
  ignore line: [OFFLOAD_TARGET_NAMES=nvptx-none:amdgcn-amdhsa]
  ignore line: [OFFLOAD_TARGET_DEFAULT=1]
  ignore line: [Target: x86_64-linux-gnu]
  ignore line: [Configured with: ../src/configure -v --with-pkgversion='Ubuntu 11.4.0-1ubuntu1~22.04' --with-bugurl=file:///usr/share/doc/gcc-11/README.Bugs --enable-languages=c ada c++ go brig d fortran objc obj-c++ m2 --prefix=/usr --with-gcc-major-version-only --program-suffix=-11 --program-prefix=x86_64-linux-gnu- --enable-shared --enable-linker-build-id --libexecdir=/usr/lib --without-included-gettext --enable-threads=posix --libdir=/usr/lib --enable-nls --enable-bootstrap --enable-clocale=gnu --enable-libstdcxx-debug --enable-libstdcxx-time=yes --with-default-libstdcxx-abi=new --enable-gnu-unique-object --disable-vtable-verify --enable-plugin --enable-default-pie --with-system-zlib --enable-libphobos-checking=release --with-target-system-zlib=auto --enable-objc-gc=auto --enable-multiarch --disable-werror --enable-cet --with-arch-32=i686 --with-abi=m64 --with-multilib-list=m32 m64 mx32 --enable-multilib --with-tune=generic --enable-offload-targets=nvptx-none=/build/gcc-11-XeT9lY/gcc-11-11.4.0/debian/tmp-nvptx/usr amdgcn-amdhsa=/build/gcc-11-XeT9lY/gcc-11-11.4.0/debian/tmp-gcn/usr --without-cuda-driver --enable-checking=release --build=x86_64-linux-gnu --host=x86_64-linux-gnu --target=x86_64-linux-gnu --with-build-config=bootstrap-lto-lean --enable-link-serialization=2]
  ignore line: [Thread model: posix]
  ignore line: [Supported LTO compression algorithms: zlib zstd]
  ignore line: [gcc version 11.4.0 (Ubuntu 11.4.0-1ubuntu1~22.04) ]
  ignore line: [COMPILER_PATH=/usr/lib/gcc/x86_64-linux-gnu/11/:/usr/lib/gcc/x86_64-linux-gnu/11/:/usr/lib/gcc/x86_64-linux-gnu/:/usr/lib/gcc/x86_64-linux-gnu/11/:/usr/lib/gcc/x86_64-linux-gnu/]
  ignore line: [LIBRARY_PATH=/usr/lib/gcc/x86_64-linux-gnu/11/:/usr/lib/gcc/x86_64-linux-gnu/11/../../../x86_64-linux-gnu/:/usr/lib/gcc/x86_64-linux-gnu/11/../../../../lib/:/lib/x86_64-linux-gnu/:/lib/../lib/:/usr/lib/x86_64-linux-gnu/:/usr/lib/../lib/:/usr/lib/gcc/x86_64-linux-gnu/11/../../../:/lib/:/usr/lib/]
  ignore line: [COLLECT_GCC_OPTIONS='-v' '-o' 'cmTC_a9989' '-shared-libgcc' '-mtune=generic' '-march=x86-64' '-dumpdir' 'cmTC_a9989.']
  link line: [ /usr/lib/gcc/x86_64-linux-gnu/11/collect2 -plugin /usr/lib/gcc/x86_64-linux-gnu/11/liblto_plugin.so -plugin-opt=/usr/lib/gcc/x86_64-linux-gnu/11/lto-wrapper -plugin-opt=-fresolution=/tmp/cc1CCxu4.res -plugin-opt=-pass-through=-lgcc_s -plugin-opt=-pass-through=-lgcc -plugin-opt=-pass-through=-lc -plugin-opt=-pass-through=-lgcc_s -plugin-opt=-pass-through=-lgcc --build-id --eh-frame-hdr -m elf_x86_64 --hash-style=gnu --as-needed -dynamic-linker /lib64/ld-linux-x86-64.so.2 -pie -z now -z relro -o cmTC_a9989 /usr/lib/gcc/x86_64-linux-gnu/11/../../../x86_64-linux-gnu/Scrt1.o /usr/lib/gcc/x86_64-linux-gnu/11/../../../x86_64-linux-gnu/crti.o /usr/lib/gcc/x86_64-linux-gnu/11/crtbeginS.o -L/usr/lib/gcc/x86_64-linux-gnu/11 -L/usr/lib/gcc/x86_64-linux-gnu/11/../../../x86_64-linux-gnu -L/usr/lib/gcc/x86_64-linux-gnu/11/../../../../lib -L/lib/x86_64-linux-gnu -L/lib/../lib -L/usr/lib/x86_64-linux-gnu -L/usr/lib/../lib -L/usr/lib/gcc/x86_64-linux-gnu/11/../../.. CMakeFiles/cmTC_a9989.dir/CMakeCXXCompilerABI.cpp.o -lstdc++ -lm -lgcc_s -lgcc -lc -lgcc_s -lgcc /usr/lib/gcc/x86_64-linux-gnu/11/crtendS.o /usr/lib/gcc/x86_64-linux-gnu/11/../../../x86_64-linux-gnu/crtn.o]
    arg [/usr/lib/gcc/x86_64-linux-gnu/11/collect2] ==> ignore
    arg [-plugin] ==> ignore
    arg [/usr/lib/gcc/x86_64-linux-gnu/11/liblto_plugin.so] ==> ignore
    arg [-plugin-opt=/usr/lib/gcc/x86_64-linux-gnu/11/lto-wrapper] ==> ignore
    arg [-plugin-opt=-fresolution=/tmp/cc1CCxu4.res] ==> ignore
    arg [-plugin-opt=-pass-through=-lgcc_s] ==> ignore
    arg [-plugin-opt=-pass-through=-lgcc] ==> ignore
    arg [-plugin-opt=-pass-through=-lc] ==> ignore
    arg [-plugin-opt=-pass-through=-lgcc_s] ==> ignore
    arg [-plugin-opt=-pass-through=-lgcc] ==> ignore
    arg [--build-id] ==> ignore
    arg [--eh-frame-hdr] ==> ignore
    arg [-m] ==> ignore
    arg [elf_x86_64] ==> ignore
    arg [--hash-style=gnu] ==> ignore
    arg [--as-needed] ==> ignore
    arg [-dynamic-linker] ==> ignore
    arg [/lib64/ld-linux-x86-64.so.2] ==> ignore
    arg [-pie] ==> ignore
    arg [-znow] ==> ignore
    arg [-zrelro] ==> ignore
    arg [-o] ==> ignore
    arg [cmTC_a9989] ==> ignore
    arg [/usr/lib/gcc/x86_64-linux-gnu/11/../../../x86_64-linux-gnu/Scrt1.o] ==> obj [/usr/lib/gcc/x86_64-linux-gnu/11/../../../x86_64-linux-gnu/Scrt1.o]
    arg [/usr/lib/gcc/x86_64-linux-gnu/11/../../../x86_64-linux-gnu/crti.o] ==> obj [/usr/lib/gcc/x86_64-linux-gnu/11/../../../x86_64-linux-gnu/crti.o]
    arg [/usr/lib/gcc/x86_64-linux-gnu/11/crtbeginS.o] ==> obj [/usr/lib/gcc/x86_64-linux-gnu/11/crtbeginS.o]
    arg [-L/usr/lib/gcc/x86_64-linux-gnu/11] ==> dir [/usr/lib/gcc/x86_64-linux-gnu/11]
    arg [-L/usr/lib/gcc/x86_64-linux-gnu/11/../../../x86_64-linux-gnu] ==> dir [/usr/lib/gcc/x86_64-linux-gnu/11/../../../x86_64-linux-gnu]
    arg [-L/usr/lib/gcc/x86_64-linux-gnu/11/../../../../lib] ==> dir [/usr/lib/gcc/x86_64-linux-gnu/11/../../../../lib]
    arg [-L/lib/x86_64-linux-gnu] ==> dir [/lib/x86_64-linux-gnu]
    arg [-L/lib/../lib] ==> dir [/lib/../lib]
    arg [-L/usr/lib/x86_64-linux-gnu] ==> dir [/usr/lib/x86_64-linux-gnu]
    arg [-L/usr/lib/../lib] ==> dir [/usr/lib/../lib]
    arg [-L/usr/lib/gcc/x86_64-linux-gnu/11/../../..] ==> dir [/usr/lib/gcc/x86_64-linux-gnu/11/../../..]
    arg [CMakeFiles/cmTC_a9989.dir/CMakeCXXCompilerABI.cpp.o] ==> ignore
    arg [-lstdc++] ==> lib [stdc++]
    arg [-lm] ==> lib [m]
    arg [-lgcc_s] ==> lib [gcc_s]
    arg [-lgcc] ==> lib [gcc]
    arg [-lc] ==> lib [c]
    arg [-lgcc_s] ==> lib [gcc_s]
    arg [-lgcc] ==> lib [gcc]
    arg [/usr/lib/gcc/x86_64-linux-gnu/11/crtendS.o] ==> obj [/usr/lib/gcc/x86_64-linux-gnu/11/crtendS.o]
    arg [/usr/lib/gcc/x86_64-linux-gnu/11/../../../x86_64-linux-gnu/crtn.o] ==> obj [/usr/lib/gcc/x86_64-linux-gnu/11/../../../x86_64-linux-gnu/crtn.o]
  collapse obj [/usr/lib/gcc/x86_64-linux-gnu/11/../../../x86_64-linux-gnu/Scrt1.o] ==> [/usr/lib/x86_64-linux-gnu/Scrt1.o]
  collapse obj [/usr/lib/gcc/x86_64-linux-gnu/11/../../../x86_64-linux-gnu/crti.o] ==> [/usr/lib/x86_64-linux-gnu/crti.o]
  collapse obj [/usr/lib/gcc/x86_64-linux-gnu/11/../../../x86_64-linux-gnu/crtn.o] ==> [/usr/lib/x86_64-linux-gnu/crtn.o]
  collapse library dir [/usr/lib/gcc/x86_64-linux-gnu/11] ==> [/usr/lib/gcc/x86_64-linux-gnu/11]
  collapse library dir [/usr/lib/gcc/x86_64-linux-gnu/11/../../../x86_64-linux-gnu] ==> [/usr/lib/x86_64-linux-gnu]
  collapse library dir [/usr/lib/gcc/x86_64-linux-gnu/11/../../../../lib] ==> [/usr/lib]
  collapse library dir [/lib/x86_64-linux-gnu] ==> [/lib/x86_64-linux-gnu]
  collapse library dir [/lib/../lib] ==> [/lib]
  collapse library dir [/usr/lib/x86_64-linux-gnu] ==> [/usr/lib/x86_64-linux-gnu]
  collapse library dir [/usr/lib/../lib] ==> [/usr/lib]
  collapse library dir [/usr/lib/gcc/x86_64-linux-gnu/11/../../..] ==> [/usr/lib]
  implicit libs: [stdc++;m;gcc_s;gcc;c;gcc_s;gcc]
  implicit objs: [/usr/lib/x86_64-linux-gnu/Scrt1.o;/usr/lib/x86_64-linux-gnu/crti.o;/usr/lib/gcc/x86_64-linux-gnu/11/crtbeginS.o;/usr/lib/gcc/x86_64-linux-gnu/11/crtendS.o;/usr/lib/x86_64-linux-gnu/crtn.o]
  implicit dirs: [/usr/lib/gcc/x86_64-linux-gnu/11;/usr/lib/x86_64-linux-gnu;/usr/lib;/lib/x86_64-linux-gnu;/lib]
  implicit fwks: []


Determining if files valgrind/valgrind.h exist passed with the following output:
Change Dir: /home/user/Vysoká škola/3. Semestr/Projektová praxe/DQBDD/Release/CMakeFiles/CMakeTmp

Run Build Command(s):/usr/bin/gmake -f Makefile cmTC_56b58/fast && /usr/bin/gmake  -f CMakeFiles/cmTC_56b58.dir/build.make CMakeFiles/cmTC_56b58.dir/build
gmake[1]: Vstupuje se do adresáře „/home/user/Vysoká škola/3. Semestr/Projektová praxe/DQBDD/Release/CMakeFiles/CMakeTmp“
Building C object CMakeFiles/cmTC_56b58.dir/HAVE_VALGRIND.c.o
/usr/bin/cc    -o CMakeFiles/cmTC_56b58.dir/HAVE_VALGRIND.c.o -c "/home/user/Vysoká škola/3. Semestr/Projektová praxe/DQBDD/Release/CMakeFiles/CheckIncludeFiles/HAVE_VALGRIND.c"
Linking C executable cmTC_56b58
/usr/bin/cmake -E cmake_link_script CMakeFiles/cmTC_56b58.dir/link.txt --verbose=1
/usr/bin/cc CMakeFiles/cmTC_56b58.dir/HAVE_VALGRIND.c.o -o cmTC_56b58 
gmake[1]: Opouští se adresář „/home/user/Vysoká škola/3. Semestr/Projektová praxe/DQBDD/Release/CMakeFiles/CMakeTmp“



Determining if files assert.h exist passed with the following output:
Change Dir: /home/user/Vysoká škola/3. Semestr/Projektová praxe/DQBDD/Release/CMakeFiles/CMakeTmp

Run Build Command(s):/usr/bin/gmake -f Makefile cmTC_06beb/fast && /usr/bin/gmake  -f CMakeFiles/cmTC_06beb.dir/build.make CMakeFiles/cmTC_06beb.dir/build
gmake[1]: Vstupuje se do adresáře „/home/user/Vysoká škola/3. Semestr/Projektová praxe/DQBDD/Release/CMakeFiles/CMakeTmp“
Building C object CMakeFiles/cmTC_06beb.dir/HAVE_ASSERT_H.c.o
/usr/bin/cc    -o CMakeFiles/cmTC_06beb.dir/HAVE_ASSERT_H.c.o -c "/home/user/Vysoká škola/3. Semestr/Projektová praxe/DQBDD/Release/CMakeFiles/CheckIncludeFiles/HAVE_ASSERT_H.c"
Linking C executable cmTC_06beb
/usr/bin/cmake -E cmake_link_script CMakeFiles/cmTC_06beb.dir/link.txt --verbose=1
/usr/bin/cc CMakeFiles/cmTC_06beb.dir/HAVE_ASSERT_H.c.o -o cmTC_06beb 
gmake[1]: Opouští se adresář „/home/user/Vysoká škola/3. Semestr/Projektová praxe/DQBDD/Release/CMakeFiles/CMakeTmp“



Determining if files float.h exist passed with the following output:
Change Dir: /home/user/Vysoká škola/3. Semestr/Projektová praxe/DQBDD/Release/CMakeFiles/CMakeTmp

Run Build Command(s):/usr/bin/gmake -f Makefile cmTC_7c805/fast && /usr/bin/gmake  -f CMakeFiles/cmTC_7c805.dir/build.make CMakeFiles/cmTC_7c805.dir/build
gmake[1]: Vstupuje se do adresáře „/home/user/Vysoká škola/3. Semestr/Projektová praxe/DQBDD/Release/CMakeFiles/CMakeTmp“
Building C object CMakeFiles/cmTC_7c805.dir/HAVE_FLOAT_H.c.o
/usr/bin/cc    -o CMakeFiles/cmTC_7c805.dir/HAVE_FLOAT_H.c.o -c "/home/user/Vysoká škola/3. Semestr/Projektová praxe/DQBDD/Release/CMakeFiles/CheckIncludeFiles/HAVE_FLOAT_H.c"
Linking C executable cmTC_7c805
/usr/bin/cmake -E cmake_link_script CMakeFiles/cmTC_7c805.dir/link.txt --verbose=1
/usr/bin/cc CMakeFiles/cmTC_7c805.dir/HAVE_FLOAT_H.c.o -o cmTC_7c805 
gmake[1]: Opouští se adresář „/home/user/Vysoká škola/3. Semestr/Projektová praxe/DQBDD/Release/CMakeFiles/CMakeTmp“



Determining if files dlfcn.h exist passed with the following output:
Change Dir: /home/user/Vysoká škola/3. Semestr/Projektová praxe/DQBDD/Release/CMakeFiles/CMakeTmp

Run Build Command(s):/usr/bin/gmake -f Makefile cmTC_a10bc/fast && /usr/bin/gmake  -f CMakeFiles/cmTC_a10bc.dir/build.make CMakeFiles/cmTC_a10bc.dir/build
gmake[1]: Vstupuje se do adresáře „/home/user/Vysoká škola/3. Semestr/Projektová praxe/DQBDD/Release/CMakeFiles/CMakeTmp“
Building C object CMakeFiles/cmTC_a10bc.dir/HAVE_DLFCN_H.c.o
/usr/bin/cc    -o CMakeFiles/cmTC_a10bc.dir/HAVE_DLFCN_H.c.o -c "/home/user/Vysoká škola/3. Semestr/Projektová praxe/DQBDD/Release/CMakeFiles/CheckIncludeFiles/HAVE_DLFCN_H.c"
Linking C executable cmTC_a10bc
/usr/bin/cmake -E cmake_link_script CMakeFiles/cmTC_a10bc.dir/link.txt --verbose=1
/usr/bin/cc CMakeFiles/cmTC_a10bc.dir/HAVE_DLFCN_H.c.o -o cmTC_a10bc 
gmake[1]: Opouští se adresář „/home/user/Vysoká škola/3. Semestr/Projektová praxe/DQBDD/Release/CMakeFiles/CMakeTmp“



Determining if files inttypes.h exist passed with the following output:
Change Dir: /home/user/Vysoká škola/3. Semestr/Projektová praxe/DQBDD/Release/CMakeFiles/CMakeTmp

Run Build Command(s):/usr/bin/gmake -f Makefile cmTC_3b3bb/fast && /usr/bin/gmake  -f CMakeFiles/cmTC_3b3bb.dir/build.make CMakeFiles/cmTC_3b3bb.dir/build
gmake[1]: Vstupuje se do adresáře „/home/user/Vysoká škola/3. Semestr/Projektová praxe/DQBDD/Release/CMakeFiles/CMakeTmp“
Building C object CMakeFiles/cmTC_3b3bb.dir/HAVE_INTTYPES_H.c.o
/usr/bin/cc    -o CMakeFiles/cmTC_3b3bb.dir/HAVE_INTTYPES_H.c.o -c "/home/user/Vysoká škola/3. Semestr/Projektová praxe/DQBDD/Release/CMakeFiles/CheckIncludeFiles/HAVE_INTTYPES_H.c"
Linking C executable cmTC_3b3bb
/usr/bin/cmake -E cmake_link_script CMakeFiles/cmTC_3b3bb.dir/link.txt --verbose=1
/usr/bin/cc CMakeFiles/cmTC_3b3bb.dir/HAVE_INTTYPES_H.c.o -o cmTC_3b3bb 
gmake[1]: Opouští se adresář „/home/user/Vysoká škola/3. Semestr/Projektová praxe/DQBDD/Release/CMakeFiles/CMakeTmp“



Determining if files limits.h exist passed with the following output:
Change Dir: /home/user/Vysoká škola/3. Semestr/Projektová praxe/DQBDD/Release/CMakeFiles/CMakeTmp

Run Build Command(s):/usr/bin/gmake -f Makefile cmTC_828f1/fast && /usr/bin/gmake  -f CMakeFiles/cmTC_828f1.dir/build.make CMakeFiles/cmTC_828f1.dir/build
gmake[1]: Vstupuje se do adresáře „/home/user/Vysoká škola/3. Semestr/Projektová praxe/DQBDD/Release/CMakeFiles/CMakeTmp“
Building C object CMakeFiles/cmTC_828f1.dir/HAVE_LIMITS_H.c.o
/usr/bin/cc    -o CMakeFiles/cmTC_828f1.dir/HAVE_LIMITS_H.c.o -c "/home/user/Vysoká škola/3. Semestr/Projektová praxe/DQBDD/Release/CMakeFiles/CheckIncludeFiles/HAVE_LIMITS_H.c"
Linking C executable cmTC_828f1
/usr/bin/cmake -E cmake_link_script CMakeFiles/cmTC_828f1.dir/link.txt --verbose=1
/usr/bin/cc CMakeFiles/cmTC_828f1.dir/HAVE_LIMITS_H.c.o -o cmTC_828f1 
gmake[1]: Opouští se adresář „/home/user/Vysoká škola/3. Semestr/Projektová praxe/DQBDD/Release/CMakeFiles/CMakeTmp“



Determining if files math.h exist passed with the following output:
Change Dir: /home/user/Vysoká škola/3. Semestr/Projektová praxe/DQBDD/Release/CMakeFiles/CMakeTmp

Run Build Command(s):/usr/bin/gmake -f Makefile cmTC_411ce/fast && /usr/bin/gmake  -f CMakeFiles/cmTC_411ce.dir/build.make CMakeFiles/cmTC_411ce.dir/build
gmake[1]: Vstupuje se do adresáře „/home/user/Vysoká škola/3. Semestr/Projektová praxe/DQBDD/Release/CMakeFiles/CMakeTmp“
Building C object CMakeFiles/cmTC_411ce.dir/HAVE_MATH_H.c.o
/usr/bin/cc    -o CMakeFiles/cmTC_411ce.dir/HAVE_MATH_H.c.o -c "/home/user/Vysoká škola/3. Semestr/Projektová praxe/DQBDD/Release/CMakeFiles/CheckIncludeFiles/HAVE_MATH_H.c"
Linking C executable cmTC_411ce
/usr/bin/cmake -E cmake_link_script CMakeFiles/cmTC_411ce.dir/link.txt --verbose=1
/usr/bin/cc CMakeFiles/cmTC_411ce.dir/HAVE_MATH_H.c.o -o cmTC_411ce 
gmake[1]: Opouští se adresář „/home/user/Vysoká škola/3. Semestr/Projektová praxe/DQBDD/Release/CMakeFiles/CMakeTmp“



Determining if files memory.h exist passed with the following output:
Change Dir: /home/user/Vysoká škola/3. Semestr/Projektová praxe/DQBDD/Release/CMakeFiles/CMakeTmp

Run Build Command(s):/usr/bin/gmake -f Makefile cmTC_a3a7f/fast && /usr/bin/gmake  -f CMakeFiles/cmTC_a3a7f.dir/build.make CMakeFiles/cmTC_a3a7f.dir/build
gmake[1]: Vstupuje se do adresáře „/home/user/Vysoká škola/3. Semestr/Projektová praxe/DQBDD/Release/CMakeFiles/CMakeTmp“
Building C object CMakeFiles/cmTC_a3a7f.dir/HAVE_MEMORY_H.c.o
/usr/bin/cc    -o CMakeFiles/cmTC_a3a7f.dir/HAVE_MEMORY_H.c.o -c "/home/user/Vysoká škola/3. Semestr/Projektová praxe/DQBDD/Release/CMakeFiles/CheckIncludeFiles/HAVE_MEMORY_H.c"
Linking C executable cmTC_a3a7f
/usr/bin/cmake -E cmake_link_script CMakeFiles/cmTC_a3a7f.dir/link.txt --verbose=1
/usr/bin/cc CMakeFiles/cmTC_a3a7f.dir/HAVE_MEMORY_H.c.o -o cmTC_a3a7f 
gmake[1]: Opouští se adresář „/home/user/Vysoká škola/3. Semestr/Projektová praxe/DQBDD/Release/CMakeFiles/CMakeTmp“



Determining if files stddef.h exist passed with the following output:
Change Dir: /home/user/Vysoká škola/3. Semestr/Projektová praxe/DQBDD/Release/CMakeFiles/CMakeTmp

Run Build Command(s):/usr/bin/gmake -f Makefile cmTC_12092/fast && /usr/bin/gmake  -f CMakeFiles/cmTC_12092.dir/build.make CMakeFiles/cmTC_12092.dir/build
gmake[1]: Vstupuje se do adresáře „/home/user/Vysoká škola/3. Semestr/Projektová praxe/DQBDD/Release/CMakeFiles/CMakeTmp“
Building C object CMakeFiles/cmTC_12092.dir/HAVE_STDDEF_H.c.o
/usr/bin/cc    -o CMakeFiles/cmTC_12092.dir/HAVE_STDDEF_H.c.o -c "/home/user/Vysoká škola/3. Semestr/Projektová praxe/DQBDD/Release/CMakeFiles/CheckIncludeFiles/HAVE_STDDEF_H.c"
Linking C executable cmTC_12092
/usr/bin/cmake -E cmake_link_script CMakeFiles/cmTC_12092.dir/link.txt --verbose=1
/usr/bin/cc CMakeFiles/cmTC_12092.dir/HAVE_STDDEF_H.c.o -o cmTC_12092 
gmake[1]: Opouští se adresář „/home/user/Vysoká škola/3. Semestr/Projektová praxe/DQBDD/Release/CMakeFiles/CMakeTmp“



Determining if files stdint.h exist passed with the following output:
Change Dir: /home/user/Vysoká škola/3. Semestr/Projektová praxe/DQBDD/Release/CMakeFiles/CMakeTmp

Run Build Command(s):/usr/bin/gmake -f Makefile cmTC_b8db5/fast && /usr/bin/gmake  -f CMakeFiles/cmTC_b8db5.dir/build.make CMakeFiles/cmTC_b8db5.dir/build
gmake[1]: Vstupuje se do adresáře „/home/user/Vysoká škola/3. Semestr/Projektová praxe/DQBDD/Release/CMakeFiles/CMakeTmp“
Building C object CMakeFiles/cmTC_b8db5.dir/HAVE_STDINT_H.c.o
/usr/bin/cc    -o CMakeFiles/cmTC_b8db5.dir/HAVE_STDINT_H.c.o -c "/home/user/Vysoká škola/3. Semestr/Projektová praxe/DQBDD/Release/CMakeFiles/CheckIncludeFiles/HAVE_STDINT_H.c"
Linking C executable cmTC_b8db5
/usr/bin/cmake -E cmake_link_script CMakeFiles/cmTC_b8db5.dir/link.txt --verbose=1
/usr/bin/cc CMakeFiles/cmTC_b8db5.dir/HAVE_STDINT_H.c.o -o cmTC_b8db5 
gmake[1]: Opouští se adresář „/home/user/Vysoká škola/3. Semestr/Projektová praxe/DQBDD/Release/CMakeFiles/CMakeTmp“



Determining if files stdlib.h exist passed with the following output:
Change Dir: /home/user/Vysoká škola/3. Semestr/Projektová praxe/DQBDD/Release/CMakeFiles/CMakeTmp

Run Build Command(s):/usr/bin/gmake -f Makefile cmTC_8f488/fast && /usr/bin/gmake  -f CMakeFiles/cmTC_8f488.dir/build.make CMakeFiles/cmTC_8f488.dir/build
gmake[1]: Vstupuje se do adresáře „/home/user/Vysoká škola/3. Semestr/Projektová praxe/DQBDD/Release/CMakeFiles/CMakeTmp“
Building C object CMakeFiles/cmTC_8f488.dir/HAVE_STDLIB_H.c.o
/usr/bin/cc    -o CMakeFiles/cmTC_8f488.dir/HAVE_STDLIB_H.c.o -c "/home/user/Vysoká škola/3. Semestr/Projektová praxe/DQBDD/Release/CMakeFiles/CheckIncludeFiles/HAVE_STDLIB_H.c"
Linking C executable cmTC_8f488
/usr/bin/cmake -E cmake_link_script CMakeFiles/cmTC_8f488.dir/link.txt --verbose=1
/usr/bin/cc CMakeFiles/cmTC_8f488.dir/HAVE_STDLIB_H.c.o -o cmTC_8f488 
gmake[1]: Opouští se adresář „/home/user/Vysoká škola/3. Semestr/Projektová praxe/DQBDD/Release/CMakeFiles/CMakeTmp“



Determining if files strings.h exist passed with the following output:
Change Dir: /home/user/Vysoká škola/3. Semestr/Projektová praxe/DQBDD/Release/CMakeFiles/CMakeTmp

Run Build Command(s):/usr/bin/gmake -f Makefile cmTC_7d212/fast && /usr/bin/gmake  -f CMakeFiles/cmTC_7d212.dir/build.make CMakeFiles/cmTC_7d212.dir/build
gmake[1]: Vstupuje se do adresáře „/home/user/Vysoká škola/3. Semestr/Projektová praxe/DQBDD/Release/CMakeFiles/CMakeTmp“
Building C object CMakeFiles/cmTC_7d212.dir/HAVE_STRINGS_H.c.o
/usr/bin/cc    -o CMakeFiles/cmTC_7d212.dir/HAVE_STRINGS_H.c.o -c "/home/user/Vysoká škola/3. Semestr/Projektová praxe/DQBDD/Release/CMakeFiles/CheckIncludeFiles/HAVE_STRINGS_H.c"
Linking C executable cmTC_7d212
/usr/bin/cmake -E cmake_link_script CMakeFiles/cmTC_7d212.dir/link.txt --verbose=1
/usr/bin/cc CMakeFiles/cmTC_7d212.dir/HAVE_STRINGS_H.c.o -o cmTC_7d212 
gmake[1]: Opouští se adresář „/home/user/Vysoká škola/3. Semestr/Projektová praxe/DQBDD/Release/CMakeFiles/CMakeTmp“



Determining if files string.h exist passed with the following output:
Change Dir: /home/user/Vysoká škola/3. Semestr/Projektová praxe/DQBDD/Release/CMakeFiles/CMakeTmp

Run Build Command(s):/usr/bin/gmake -f Makefile cmTC_7c305/fast && /usr/bin/gmake  -f CMakeFiles/cmTC_7c305.dir/build.make CMakeFiles/cmTC_7c305.dir/build
gmake[1]: Vstupuje se do adresáře „/home/user/Vysoká škola/3. Semestr/Projektová praxe/DQBDD/Release/CMakeFiles/CMakeTmp“
Building C object CMakeFiles/cmTC_7c305.dir/HAVE_STRING_H.c.o
/usr/bin/cc    -o CMakeFiles/cmTC_7c305.dir/HAVE_STRING_H.c.o -c "/home/user/Vysoká škola/3. Semestr/Projektová praxe/DQBDD/Release/CMakeFiles/CheckIncludeFiles/HAVE_STRING_H.c"
Linking C executable cmTC_7c305
/usr/bin/cmake -E cmake_link_script CMakeFiles/cmTC_7c305.dir/link.txt --verbose=1
/usr/bin/cc CMakeFiles/cmTC_7c305.dir/HAVE_STRING_H.c.o -o cmTC_7c305 
gmake[1]: Opouští se adresář „/home/user/Vysoká škola/3. Semestr/Projektová praxe/DQBDD/Release/CMakeFiles/CMakeTmp“



Determining if files unistd.h exist passed with the following output:
Change Dir: /home/user/Vysoká škola/3. Semestr/Projektová praxe/DQBDD/Release/CMakeFiles/CMakeTmp

Run Build Command(s):/usr/bin/gmake -f Makefile cmTC_4a514/fast && /usr/bin/gmake  -f CMakeFiles/cmTC_4a514.dir/build.make CMakeFiles/cmTC_4a514.dir/build
gmake[1]: Vstupuje se do adresáře „/home/user/Vysoká škola/3. Semestr/Projektová praxe/DQBDD/Release/CMakeFiles/CMakeTmp“
Building C object CMakeFiles/cmTC_4a514.dir/HAVE_UNISTD_H.c.o
/usr/bin/cc    -o CMakeFiles/cmTC_4a514.dir/HAVE_UNISTD_H.c.o -c "/home/user/Vysoká škola/3. Semestr/Projektová praxe/DQBDD/Release/CMakeFiles/CheckIncludeFiles/HAVE_UNISTD_H.c"
Linking C executable cmTC_4a514
/usr/bin/cmake -E cmake_link_script CMakeFiles/cmTC_4a514.dir/link.txt --verbose=1
/usr/bin/cc CMakeFiles/cmTC_4a514.dir/HAVE_UNISTD_H.c.o -o cmTC_4a514 
gmake[1]: Opouští se adresář „/home/user/Vysoká škola/3. Semestr/Projektová praxe/DQBDD/Release/CMakeFiles/CMakeTmp“



Determining if files sys/resource.h exist passed with the following output:
Change Dir: /home/user/Vysoká škola/3. Semestr/Projektová praxe/DQBDD/Release/CMakeFiles/CMakeTmp

Run Build Command(s):/usr/bin/gmake -f Makefile cmTC_172b5/fast && /usr/bin/gmake  -f CMakeFiles/cmTC_172b5.dir/build.make CMakeFiles/cmTC_172b5.dir/build
gmake[1]: Vstupuje se do adresáře „/home/user/Vysoká škola/3. Semestr/Projektová praxe/DQBDD/Release/CMakeFiles/CMakeTmp“
Building C object CMakeFiles/cmTC_172b5.dir/HAVE_SYS_RESOURCE_H.c.o
/usr/bin/cc    -o CMakeFiles/cmTC_172b5.dir/HAVE_SYS_RESOURCE_H.c.o -c "/home/user/Vysoká škola/3. Semestr/Projektová praxe/DQBDD/Release/CMakeFiles/CheckIncludeFiles/HAVE_SYS_RESOURCE_H.c"
Linking C executable cmTC_172b5
/usr/bin/cmake -E cmake_link_script CMakeFiles/cmTC_172b5.dir/link.txt --verbose=1
/usr/bin/cc CMakeFiles/cmTC_172b5.dir/HAVE_SYS_RESOURCE_H.c.o -o cmTC_172b5 
gmake[1]: Opouští se adresář „/home/user/Vysoká škola/3. Semestr/Projektová praxe/DQBDD/Release/CMakeFiles/CMakeTmp“



Determining if files sys/stat.h exist passed with the following output:
Change Dir: /home/user/Vysoká škola/3. Semestr/Projektová praxe/DQBDD/Release/CMakeFiles/CMakeTmp

Run Build Command(s):/usr/bin/gmake -f Makefile cmTC_615f9/fast && /usr/bin/gmake  -f CMakeFiles/cmTC_615f9.dir/build.make CMakeFiles/cmTC_615f9.dir/build
gmake[1]: Vstupuje se do adresáře „/home/user/Vysoká škola/3. Semestr/Projektová praxe/DQBDD/Release/CMakeFiles/CMakeTmp“
Building C object CMakeFiles/cmTC_615f9.dir/HAVE_SYS_STAT_H.c.o
/usr/bin/cc    -o CMakeFiles/cmTC_615f9.dir/HAVE_SYS_STAT_H.c.o -c "/home/user/Vysoká škola/3. Semestr/Projektová praxe/DQBDD/Release/CMakeFiles/CheckIncludeFiles/HAVE_SYS_STAT_H.c"
Linking C executable cmTC_615f9
/usr/bin/cmake -E cmake_link_script CMakeFiles/cmTC_615f9.dir/link.txt --verbose=1
/usr/bin/cc CMakeFiles/cmTC_615f9.dir/HAVE_SYS_STAT_H.c.o -o cmTC_615f9 
gmake[1]: Opouští se adresář „/home/user/Vysoká škola/3. Semestr/Projektová praxe/DQBDD/Release/CMakeFiles/CMakeTmp“



Determining if files sys/times.h exist passed with the following output:
Change Dir: /home/user/Vysoká škola/3. Semestr/Projektová praxe/DQBDD/Release/CMakeFiles/CMakeTmp

Run Build Command(s):/usr/bin/gmake -f Makefile cmTC_aef5b/fast && /usr/bin/gmake  -f CMakeFiles/cmTC_aef5b.dir/build.make CMakeFiles/cmTC_aef5b.dir/build
gmake[1]: Vstupuje se do adresáře „/home/user/Vysoká škola/3. Semestr/Projektová praxe/DQBDD/Release/CMakeFiles/CMakeTmp“
Building C object CMakeFiles/cmTC_aef5b.dir/HAVE_SYS_TIMES_H.c.o
/usr/bin/cc    -o CMakeFiles/cmTC_aef5b.dir/HAVE_SYS_TIMES_H.c.o -c "/home/user/Vysoká škola/3. Semestr/Projektová praxe/DQBDD/Release/CMakeFiles/CheckIncludeFiles/HAVE_SYS_TIMES_H.c"
Linking C executable cmTC_aef5b
/usr/bin/cmake -E cmake_link_script CMakeFiles/cmTC_aef5b.dir/link.txt --verbose=1
/usr/bin/cc CMakeFiles/cmTC_aef5b.dir/HAVE_SYS_TIMES_H.c.o -o cmTC_aef5b 
gmake[1]: Opouští se adresář „/home/user/Vysoká škola/3. Semestr/Projektová praxe/DQBDD/Release/CMakeFiles/CMakeTmp“



Determining if files sys/time.h exist passed with the following output:
Change Dir: /home/user/Vysoká škola/3. Semestr/Projektová praxe/DQBDD/Release/CMakeFiles/CMakeTmp

Run Build Command(s):/usr/bin/gmake -f Makefile cmTC_50329/fast && /usr/bin/gmake  -f CMakeFiles/cmTC_50329.dir/build.make CMakeFiles/cmTC_50329.dir/build
gmake[1]: Vstupuje se do adresáře „/home/user/Vysoká škola/3. Semestr/Projektová praxe/DQBDD/Release/CMakeFiles/CMakeTmp“
Building C object CMakeFiles/cmTC_50329.dir/HAVE_SYS_TIME_H.c.o
/usr/bin/cc    -o CMakeFiles/cmTC_50329.dir/HAVE_SYS_TIME_H.c.o -c "/home/user/Vysoká škola/3. Semestr/Projektová praxe/DQBDD/Release/CMakeFiles/CheckIncludeFiles/HAVE_SYS_TIME_H.c"
Linking C executable cmTC_50329
/usr/bin/cmake -E cmake_link_script CMakeFiles/cmTC_50329.dir/link.txt --verbose=1
/usr/bin/cc CMakeFiles/cmTC_50329.dir/HAVE_SYS_TIME_H.c.o -o cmTC_50329 
gmake[1]: Opouští se adresář „/home/user/Vysoká škola/3. Semestr/Projektová praxe/DQBDD/Release/CMakeFiles/CMakeTmp“



Determining if files sys/types.h exist passed with the following output:
Change Dir: /home/user/Vysoká škola/3. Semestr/Projektová praxe/DQBDD/Release/CMakeFiles/CMakeTmp

Run Build Command(s):/usr/bin/gmake -f Makefile cmTC_15f6b/fast && /usr/bin/gmake  -f CMakeFiles/cmTC_15f6b.dir/build.make CMakeFiles/cmTC_15f6b.dir/build
gmake[1]: Vstupuje se do adresáře „/home/user/Vysoká škola/3. Semestr/Projektová praxe/DQBDD/Release/CMakeFiles/CMakeTmp“
Building C object CMakeFiles/cmTC_15f6b.dir/HAVE_SYS_TYPES_H.c.o
/usr/bin/cc    -o CMakeFiles/cmTC_15f6b.dir/HAVE_SYS_TYPES_H.c.o -c "/home/user/Vysoká škola/3. Semestr/Projektová praxe/DQBDD/Release/CMakeFiles/CheckIncludeFiles/HAVE_SYS_TYPES_H.c"
Linking C executable cmTC_15f6b
/usr/bin/cmake -E cmake_link_script CMakeFiles/cmTC_15f6b.dir/link.txt --verbose=1
/usr/bin/cc CMakeFiles/cmTC_15f6b.dir/HAVE_SYS_TYPES_H.c.o -o cmTC_15f6b 
gmake[1]: Opouští se adresář „/home/user/Vysoká škola/3. Semestr/Projektová praxe/DQBDD/Release/CMakeFiles/CMakeTmp“



Determining if files sys/wait.h exist passed with the following output:
Change Dir: /home/user/Vysoká škola/3. Semestr/Projektová praxe/DQBDD/Release/CMakeFiles/CMakeTmp

Run Build Command(s):/usr/bin/gmake -f Makefile cmTC_1f988/fast && /usr/bin/gmake  -f CMakeFiles/cmTC_1f988.dir/build.make CMakeFiles/cmTC_1f988.dir/build
gmake[1]: Vstupuje se do adresáře „/home/user/Vysoká škola/3. Semestr/Projektová praxe/DQBDD/Release/CMakeFiles/CMakeTmp“
Building C object CMakeFiles/cmTC_1f988.dir/HAVE_SYS_WAIT_H.c.o
/usr/bin/cc    -o CMakeFiles/cmTC_1f988.dir/HAVE_SYS_WAIT_H.c.o -c "/home/user/Vysoká škola/3. Semestr/Projektová praxe/DQBDD/Release/CMakeFiles/CheckIncludeFiles/HAVE_SYS_WAIT_H.c"
Linking C executable cmTC_1f988
/usr/bin/cmake -E cmake_link_script CMakeFiles/cmTC_1f988.dir/link.txt --verbose=1
/usr/bin/cc CMakeFiles/cmTC_1f988.dir/HAVE_SYS_WAIT_H.c.o -o cmTC_1f988 
gmake[1]: Opouští se adresář „/home/user/Vysoká škola/3. Semestr/Projektová praxe/DQBDD/Release/CMakeFiles/CMakeTmp“



Determining if the function gethostname exists passed with the following output:
Change Dir: /home/user/Vysoká škola/3. Semestr/Projektová praxe/DQBDD/Release/CMakeFiles/CMakeTmp

Run Build Command(s):/usr/bin/gmake -f Makefile cmTC_87ffc/fast && /usr/bin/gmake  -f CMakeFiles/cmTC_87ffc.dir/build.make CMakeFiles/cmTC_87ffc.dir/build
gmake[1]: Vstupuje se do adresáře „/home/user/Vysoká škola/3. Semestr/Projektová praxe/DQBDD/Release/CMakeFiles/CMakeTmp“
Building C object CMakeFiles/cmTC_87ffc.dir/CheckFunctionExists.c.o
/usr/bin/cc   -DCHECK_FUNCTION_EXISTS=gethostname -o CMakeFiles/cmTC_87ffc.dir/CheckFunctionExists.c.o -c /usr/share/cmake-3.22/Modules/CheckFunctionExists.c
Linking C executable cmTC_87ffc
/usr/bin/cmake -E cmake_link_script CMakeFiles/cmTC_87ffc.dir/link.txt --verbose=1
/usr/bin/cc  -DCHECK_FUNCTION_EXISTS=gethostname CMakeFiles/cmTC_87ffc.dir/CheckFunctionExists.c.o -o cmTC_87ffc 
gmake[1]: Opouští se adresář „/home/user/Vysoká škola/3. Semestr/Projektová praxe/DQBDD/Release/CMakeFiles/CMakeTmp“



Determining if the function getrlimit exists passed with the following output:
Change Dir: /home/user/Vysoká škola/3. Semestr/Projektová praxe/DQBDD/Release/CMakeFiles/CMakeTmp

Run Build Command(s):/usr/bin/gmake -f Makefile cmTC_ae754/fast && /usr/bin/gmake  -f CMakeFiles/cmTC_ae754.dir/build.make CMakeFiles/cmTC_ae754.dir/build
gmake[1]: Vstupuje se do adresáře „/home/user/Vysoká škola/3. Semestr/Projektová praxe/DQBDD/Release/CMakeFiles/CMakeTmp“
Building C object CMakeFiles/cmTC_ae754.dir/CheckFunctionExists.c.o
/usr/bin/cc   -DCHECK_FUNCTION_EXISTS=getrlimit -o CMakeFiles/cmTC_ae754.dir/CheckFunctionExists.c.o -c /usr/share/cmake-3.22/Modules/CheckFunctionExists.c
Linking C executable cmTC_ae754
/usr/bin/cmake -E cmake_link_script CMakeFiles/cmTC_ae754.dir/link.txt --verbose=1
/usr/bin/cc  -DCHECK_FUNCTION_EXISTS=getrlimit CMakeFiles/cmTC_ae754.dir/CheckFunctionExists.c.o -o cmTC_ae754 
gmake[1]: Opouští se adresář „/home/user/Vysoká škola/3. Semestr/Projektová praxe/DQBDD/Release/CMakeFiles/CMakeTmp“



Determining if the function getrusage exists passed with the following output:
Change Dir: /home/user/Vysoká škola/3. Semestr/Projektová praxe/DQBDD/Release/CMakeFiles/CMakeTmp

Run Build Command(s):/usr/bin/gmake -f Makefile cmTC_832e5/fast && /usr/bin/gmake  -f CMakeFiles/cmTC_832e5.dir/build.make CMakeFiles/cmTC_832e5.dir/build
gmake[1]: Vstupuje se do adresáře „/home/user/Vysoká škola/3. Semestr/Projektová praxe/DQBDD/Release/CMakeFiles/CMakeTmp“
Building C object CMakeFiles/cmTC_832e5.dir/CheckFunctionExists.c.o
/usr/bin/cc   -DCHECK_FUNCTION_EXISTS=getrusage -o CMakeFiles/cmTC_832e5.dir/CheckFunctionExists.c.o -c /usr/share/cmake-3.22/Modules/CheckFunctionExists.c
Linking C executable cmTC_832e5
/usr/bin/cmake -E cmake_link_script CMakeFiles/cmTC_832e5.dir/link.txt --verbose=1
/usr/bin/cc  -DCHECK_FUNCTION_EXISTS=getrusage CMakeFiles/cmTC_832e5.dir/CheckFunctionExists.c.o -o cmTC_832e5 
gmake[1]: Opouští se adresář „/home/user/Vysoká škola/3. Semestr/Projektová praxe/DQBDD/Release/CMakeFiles/CMakeTmp“



Determining if the function pow exists in the m passed with the following output:
Change Dir: /home/user/Vysoká škola/3. Semestr/Projektová praxe/DQBDD/Release/CMakeFiles/CMakeTmp

Run Build Command(s):/usr/bin/gmake -f Makefile cmTC_dd6bc/fast && /usr/bin/gmake  -f CMakeFiles/cmTC_dd6bc.dir/build.make CMakeFiles/cmTC_dd6bc.dir/build
gmake[1]: Vstupuje se do adresáře „/home/user/Vysoká škola/3. Semestr/Projektová praxe/DQBDD/Release/CMakeFiles/CMakeTmp“
Building C object CMakeFiles/cmTC_dd6bc.dir/CheckFunctionExists.c.o
/usr/bin/cc   -DCHECK_FUNCTION_EXISTS=pow -o CMakeFiles/cmTC_dd6bc.dir/CheckFunctionExists.c.o -c /usr/share/cmake-3.22/Modules/CheckFunctionExists.c
<command-line>: warning: conflicting types for built-in function ‘pow’; expected ‘double(double,  double)’ [-Wbuiltin-declaration-mismatch]
/usr/share/cmake-3.22/Modules/CheckFunctionExists.c:7:3: note: in expansion of macro ‘CHECK_FUNCTION_EXISTS’
    7 |   CHECK_FUNCTION_EXISTS(void);
      |   ^~~~~~~~~~~~~~~~~~~~~
/usr/share/cmake-3.22/Modules/CheckFunctionExists.c:1:1: note: ‘pow’ is declared in header ‘<math.h>’
  +++ |+#include <math.h>
    1 | #ifdef CHECK_FUNCTION_EXISTS
Linking C executable cmTC_dd6bc
/usr/bin/cmake -E cmake_link_script CMakeFiles/cmTC_dd6bc.dir/link.txt --verbose=1
/usr/bin/cc  -DCHECK_FUNCTION_EXISTS=pow CMakeFiles/cmTC_dd6bc.dir/CheckFunctionExists.c.o -o cmTC_dd6bc   -L"/home/user/Vysoká škola/3. Semestr/Projektová praxe/DQBDD/Release/CMakeFiles/CMakeTmp/math.h"  -Wl,-rpath,"/home/user/Vysoká škola/3. Semestr/Projektová praxe/DQBDD/Release/CMakeFiles/CMakeTmp/math.h" -lm 
gmake[1]: Opouští se adresář „/home/user/Vysoká škola/3. Semestr/Projektová praxe/DQBDD/Release/CMakeFiles/CMakeTmp“



Determining if the function powl exists in the m passed with the following output:
Change Dir: /home/user/Vysoká škola/3. Semestr/Projektová praxe/DQBDD/Release/CMakeFiles/CMakeTmp

Run Build Command(s):/usr/bin/gmake -f Makefile cmTC_a9361/fast && /usr/bin/gmake  -f CMakeFiles/cmTC_a9361.dir/build.make CMakeFiles/cmTC_a9361.dir/build
gmake[1]: Vstupuje se do adresáře „/home/user/Vysoká škola/3. Semestr/Projektová praxe/DQBDD/Release/CMakeFiles/CMakeTmp“
Building C object CMakeFiles/cmTC_a9361.dir/CheckFunctionExists.c.o
/usr/bin/cc   -DCHECK_FUNCTION_EXISTS=powl -o CMakeFiles/cmTC_a9361.dir/CheckFunctionExists.c.o -c /usr/share/cmake-3.22/Modules/CheckFunctionExists.c
<command-line>: warning: conflicting types for built-in function ‘powl’; expected ‘long double(long double,  long double)’ [-Wbuiltin-declaration-mismatch]
/usr/share/cmake-3.22/Modules/CheckFunctionExists.c:7:3: note: in expansion of macro ‘CHECK_FUNCTION_EXISTS’
    7 |   CHECK_FUNCTION_EXISTS(void);
      |   ^~~~~~~~~~~~~~~~~~~~~
/usr/share/cmake-3.22/Modules/CheckFunctionExists.c:1:1: note: ‘powl’ is declared in header ‘<math.h>’
  +++ |+#include <math.h>
    1 | #ifdef CHECK_FUNCTION_EXISTS
Linking C executable cmTC_a9361
/usr/bin/cmake -E cmake_link_script CMakeFiles/cmTC_a9361.dir/link.txt --verbose=1
/usr/bin/cc  -DCHECK_FUNCTION_EXISTS=powl CMakeFiles/cmTC_a9361.dir/CheckFunctionExists.c.o -o cmTC_a9361   -L"/home/user/Vysoká škola/3. Semestr/Projektová praxe/DQBDD/Release/CMakeFiles/CMakeTmp/math.h"  -Wl,-rpath,"/home/user/Vysoká škola/3. Semestr/Projektová praxe/DQBDD/Release/CMakeFiles/CMakeTmp/math.h" -lm 
gmake[1]: Opouští se adresář „/home/user/Vysoká škola/3. Semestr/Projektová praxe/DQBDD/Release/CMakeFiles/CMakeTmp“



Determining if the function sqrt exists in the m passed with the following output:
Change Dir: /home/user/Vysoká škola/3. Semestr/Projektová praxe/DQBDD/Release/CMakeFiles/CMakeTmp

Run Build Command(s):/usr/bin/gmake -f Makefile cmTC_274fd/fast && /usr/bin/gmake  -f CMakeFiles/cmTC_274fd.dir/build.make CMakeFiles/cmTC_274fd.dir/build
gmake[1]: Vstupuje se do adresáře „/home/user/Vysoká škola/3. Semestr/Projektová praxe/DQBDD/Release/CMakeFiles/CMakeTmp“
Building C object CMakeFiles/cmTC_274fd.dir/CheckFunctionExists.c.o
/usr/bin/cc   -DCHECK_FUNCTION_EXISTS=sqrt -o CMakeFiles/cmTC_274fd.dir/CheckFunctionExists.c.o -c /usr/share/cmake-3.22/Modules/CheckFunctionExists.c
<command-line>: warning: conflicting types for built-in function ‘sqrt’; expected ‘double(double)’ [-Wbuiltin-declaration-mismatch]
/usr/share/cmake-3.22/Modules/CheckFunctionExists.c:7:3: note: in expansion of macro ‘CHECK_FUNCTION_EXISTS’
    7 |   CHECK_FUNCTION_EXISTS(void);
      |   ^~~~~~~~~~~~~~~~~~~~~
/usr/share/cmake-3.22/Modules/CheckFunctionExists.c:1:1: note: ‘sqrt’ is declared in header ‘<math.h>’
  +++ |+#include <math.h>
    1 | #ifdef CHECK_FUNCTION_EXISTS
Linking C executable cmTC_274fd
/usr/bin/cmake -E cmake_link_script CMakeFiles/cmTC_274fd.dir/link.txt --verbose=1
/usr/bin/cc  -DCHECK_FUNCTION_EXISTS=sqrt CMakeFiles/cmTC_274fd.dir/CheckFunctionExists.c.o -o cmTC_274fd   -L"/home/user/Vysoká škola/3. Semestr/Projektová praxe/DQBDD/Release/CMakeFiles/CMakeTmp/math.h"  -Wl,-rpath,"/home/user/Vysoká škola/3. Semestr/Projektová praxe/DQBDD/Release/CMakeFiles/CMakeTmp/math.h" -lm 
gmake[1]: Opouští se adresář „/home/user/Vysoká škola/3. Semestr/Projektová praxe/DQBDD/Release/CMakeFiles/CMakeTmp“



Determining if the function strchr exists passed with the following output:
Change Dir: /home/user/Vysoká škola/3. Semestr/Projektová praxe/DQBDD/Release/CMakeFiles/CMakeTmp

Run Build Command(s):/usr/bin/gmake -f Makefile cmTC_ba9f9/fast && /usr/bin/gmake  -f CMakeFiles/cmTC_ba9f9.dir/build.make CMakeFiles/cmTC_ba9f9.dir/build
gmake[1]: Vstupuje se do adresáře „/home/user/Vysoká škola/3. Semestr/Projektová praxe/DQBDD/Release/CMakeFiles/CMakeTmp“
Building C object CMakeFiles/cmTC_ba9f9.dir/CheckFunctionExists.c.o
/usr/bin/cc   -DCHECK_FUNCTION_EXISTS=strchr -o CMakeFiles/cmTC_ba9f9.dir/CheckFunctionExists.c.o -c /usr/share/cmake-3.22/Modules/CheckFunctionExists.c
<command-line>: warning: conflicting types for built-in function ‘strchr’; expected ‘char *(const char *, int)’ [-Wbuiltin-declaration-mismatch]
/usr/share/cmake-3.22/Modules/CheckFunctionExists.c:7:3: note: in expansion of macro ‘CHECK_FUNCTION_EXISTS’
    7 |   CHECK_FUNCTION_EXISTS(void);
      |   ^~~~~~~~~~~~~~~~~~~~~
/usr/share/cmake-3.22/Modules/CheckFunctionExists.c:1:1: note: ‘strchr’ is declared in header ‘<string.h>’
  +++ |+#include <string.h>
    1 | #ifdef CHECK_FUNCTION_EXISTS
Linking C executable cmTC_ba9f9
/usr/bin/cmake -E cmake_link_script CMakeFiles/cmTC_ba9f9.dir/link.txt --verbose=1
/usr/bin/cc  -DCHECK_FUNCTION_EXISTS=strchr CMakeFiles/cmTC_ba9f9.dir/CheckFunctionExists.c.o -o cmTC_ba9f9 
gmake[1]: Opouští se adresář „/home/user/Vysoká škola/3. Semestr/Projektová praxe/DQBDD/Release/CMakeFiles/CMakeTmp“



Determining if the function strstr exists passed with the following output:
Change Dir: /home/user/Vysoká škola/3. Semestr/Projektová praxe/DQBDD/Release/CMakeFiles/CMakeTmp

Run Build Command(s):/usr/bin/gmake -f Makefile cmTC_417c2/fast && /usr/bin/gmake  -f CMakeFiles/cmTC_417c2.dir/build.make CMakeFiles/cmTC_417c2.dir/build
gmake[1]: Vstupuje se do adresáře „/home/user/Vysoká škola/3. Semestr/Projektová praxe/DQBDD/Release/CMakeFiles/CMakeTmp“
Building C object CMakeFiles/cmTC_417c2.dir/CheckFunctionExists.c.o
/usr/bin/cc   -DCHECK_FUNCTION_EXISTS=strstr -o CMakeFiles/cmTC_417c2.dir/CheckFunctionExists.c.o -c /usr/share/cmake-3.22/Modules/CheckFunctionExists.c
<command-line>: warning: conflicting types for built-in function ‘strstr’; expected ‘char *(const char *, const char *)’ [-Wbuiltin-declaration-mismatch]
/usr/share/cmake-3.22/Modules/CheckFunctionExists.c:7:3: note: in expansion of macro ‘CHECK_FUNCTION_EXISTS’
    7 |   CHECK_FUNCTION_EXISTS(void);
      |   ^~~~~~~~~~~~~~~~~~~~~
/usr/share/cmake-3.22/Modules/CheckFunctionExists.c:1:1: note: ‘strstr’ is declared in header ‘<string.h>’
  +++ |+#include <string.h>
    1 | #ifdef CHECK_FUNCTION_EXISTS
Linking C executable cmTC_417c2
/usr/bin/cmake -E cmake_link_script CMakeFiles/cmTC_417c2.dir/link.txt --verbose=1
/usr/bin/cc  -DCHECK_FUNCTION_EXISTS=strstr CMakeFiles/cmTC_417c2.dir/CheckFunctionExists.c.o -o cmTC_417c2 
gmake[1]: Opouští se adresář „/home/user/Vysoká škola/3. Semestr/Projektová praxe/DQBDD/Release/CMakeFiles/CMakeTmp“



Determining if the function sysconf exists passed with the following output:
Change Dir: /home/user/Vysoká škola/3. Semestr/Projektová praxe/DQBDD/Release/CMakeFiles/CMakeTmp

Run Build Command(s):/usr/bin/gmake -f Makefile cmTC_e491c/fast && /usr/bin/gmake  -f CMakeFiles/cmTC_e491c.dir/build.make CMakeFiles/cmTC_e491c.dir/build
gmake[1]: Vstupuje se do adresáře „/home/user/Vysoká škola/3. Semestr/Projektová praxe/DQBDD/Release/CMakeFiles/CMakeTmp“
Building C object CMakeFiles/cmTC_e491c.dir/CheckFunctionExists.c.o
/usr/bin/cc   -DCHECK_FUNCTION_EXISTS=sysconf -o CMakeFiles/cmTC_e491c.dir/CheckFunctionExists.c.o -c /usr/share/cmake-3.22/Modules/CheckFunctionExists.c
Linking C executable cmTC_e491c
/usr/bin/cmake -E cmake_link_script CMakeFiles/cmTC_e491c.dir/link.txt --verbose=1
/usr/bin/cc  -DCHECK_FUNCTION_EXISTS=sysconf CMakeFiles/cmTC_e491c.dir/CheckFunctionExists.c.o -o cmTC_e491c 
gmake[1]: Opouští se adresář „/home/user/Vysoká škola/3. Semestr/Projektová praxe/DQBDD/Release/CMakeFiles/CMakeTmp“



Determining size of int passed with the following output:
Change Dir: /home/user/Vysoká škola/3. Semestr/Projektová praxe/DQBDD/Release/CMakeFiles/CMakeTmp

Run Build Command(s):/usr/bin/gmake -f Makefile cmTC_610d4/fast && /usr/bin/gmake  -f CMakeFiles/cmTC_610d4.dir/build.make CMakeFiles/cmTC_610d4.dir/build
gmake[1]: Vstupuje se do adresáře „/home/user/Vysoká škola/3. Semestr/Projektová praxe/DQBDD/Release/CMakeFiles/CMakeTmp“
Building C object CMakeFiles/cmTC_610d4.dir/SIZEOF_INT.c.o
/usr/bin/cc    -o CMakeFiles/cmTC_610d4.dir/SIZEOF_INT.c.o -c "/home/user/Vysoká škola/3. Semestr/Projektová praxe/DQBDD/Release/CMakeFiles/CheckTypeSize/SIZEOF_INT.c"
Linking C executable cmTC_610d4
/usr/bin/cmake -E cmake_link_script CMakeFiles/cmTC_610d4.dir/link.txt --verbose=1
/usr/bin/cc CMakeFiles/cmTC_610d4.dir/SIZEOF_INT.c.o -o cmTC_610d4 
gmake[1]: Opouští se adresář „/home/user/Vysoká škola/3. Semestr/Projektová praxe/DQBDD/Release/CMakeFiles/CMakeTmp“



Determining size of long passed with the following output:
Change Dir: /home/user/Vysoká škola/3. Semestr/Projektová praxe/DQBDD/Release/CMakeFiles/CMakeTmp

Run Build Command(s):/usr/bin/gmake -f Makefile cmTC_3fd43/fast && /usr/bin/gmake  -f CMakeFiles/cmTC_3fd43.dir/build.make CMakeFiles/cmTC_3fd43.dir/build
gmake[1]: Vstupuje se do adresáře „/home/user/Vysoká škola/3. Semestr/Projektová praxe/DQBDD/Release/CMakeFiles/CMakeTmp“
Building C object CMakeFiles/cmTC_3fd43.dir/SIZEOF_LONG.c.o
/usr/bin/cc    -o CMakeFiles/cmTC_3fd43.dir/SIZEOF_LONG.c.o -c "/home/user/Vysoká škola/3. Semestr/Projektová praxe/DQBDD/Release/CMakeFiles/CheckTypeSize/SIZEOF_LONG.c"
Linking C executable cmTC_3fd43
/usr/bin/cmake -E cmake_link_script CMakeFiles/cmTC_3fd43.dir/link.txt --verbose=1
/usr/bin/cc CMakeFiles/cmTC_3fd43.dir/SIZEOF_LONG.c.o -o cmTC_3fd43 
gmake[1]: Opouští se adresář „/home/user/Vysoká škola/3. Semestr/Projektová praxe/DQBDD/Release/CMakeFiles/CMakeTmp“



Determining size of long double passed with the following output:
Change Dir: /home/user/Vysoká škola/3. Semestr/Projektová praxe/DQBDD/Release/CMakeFiles/CMakeTmp

Run Build Command(s):/usr/bin/gmake -f Makefile cmTC_9045f/fast && /usr/bin/gmake  -f CMakeFiles/cmTC_9045f.dir/build.make CMakeFiles/cmTC_9045f.dir/build
gmake[1]: Vstupuje se do adresáře „/home/user/Vysoká škola/3. Semestr/Projektová praxe/DQBDD/Release/CMakeFiles/CMakeTmp“
Building C object CMakeFiles/cmTC_9045f.dir/SIZEOF_LONG_DOUBLE.c.o
/usr/bin/cc    -o CMakeFiles/cmTC_9045f.dir/SIZEOF_LONG_DOUBLE.c.o -c "/home/user/Vysoká škola/3. Semestr/Projektová praxe/DQBDD/Release/CMakeFiles/CheckTypeSize/SIZEOF_LONG_DOUBLE.c"
Linking C executable cmTC_9045f
/usr/bin/cmake -E cmake_link_script CMakeFiles/cmTC_9045f.dir/link.txt --verbose=1
/usr/bin/cc CMakeFiles/cmTC_9045f.dir/SIZEOF_LONG_DOUBLE.c.o -o cmTC_9045f 
gmake[1]: Opouští se adresář „/home/user/Vysoká škola/3. Semestr/Projektová praxe/DQBDD/Release/CMakeFiles/CMakeTmp“



Determining size of void* passed with the following output:
Change Dir: /home/user/Vysoká škola/3. Semestr/Projektová praxe/DQBDD/Release/CMakeFiles/CMakeTmp

Run Build Command(s):/usr/bin/gmake -f Makefile cmTC_68426/fast && /usr/bin/gmake  -f CMakeFiles/cmTC_68426.dir/build.make CMakeFiles/cmTC_68426.dir/build
gmake[1]: Vstupuje se do adresáře „/home/user/Vysoká škola/3. Semestr/Projektová praxe/DQBDD/Release/CMakeFiles/CMakeTmp“
Building C object CMakeFiles/cmTC_68426.dir/SIZEOF_VOID_P.c.o
/usr/bin/cc    -o CMakeFiles/cmTC_68426.dir/SIZEOF_VOID_P.c.o -c "/home/user/Vysoká škola/3. Semestr/Projektová praxe/DQBDD/Release/CMakeFiles/CheckTypeSize/SIZEOF_VOID_P.c"
Linking C executable cmTC_68426
/usr/bin/cmake -E cmake_link_script CMakeFiles/cmTC_68426.dir/link.txt --verbose=1
/usr/bin/cc CMakeFiles/cmTC_68426.dir/SIZEOF_VOID_P.c.o -o cmTC_68426 
gmake[1]: Opouští se adresář „/home/user/Vysoká škola/3. Semestr/Projektová praxe/DQBDD/Release/CMakeFiles/CMakeTmp“



Determining size of ptrdiff_t passed with the following output:
Change Dir: /home/user/Vysoká škola/3. Semestr/Projektová praxe/DQBDD/Release/CMakeFiles/CMakeTmp

Run Build Command(s):/usr/bin/gmake -f Makefile cmTC_57a14/fast && /usr/bin/gmake  -f CMakeFiles/cmTC_57a14.dir/build.make CMakeFiles/cmTC_57a14.dir/build
gmake[1]: Vstupuje se do adresáře „/home/user/Vysoká škola/3. Semestr/Projektová praxe/DQBDD/Release/CMakeFiles/CMakeTmp“
Building C object CMakeFiles/cmTC_57a14.dir/PTRDIFF_T.c.o
/usr/bin/cc    -o CMakeFiles/cmTC_57a14.dir/PTRDIFF_T.c.o -c "/home/user/Vysoká škola/3. Semestr/Projektová praxe/DQBDD/Release/CMakeFiles/CheckTypeSize/PTRDIFF_T.c"
Linking C executable cmTC_57a14
/usr/bin/cmake -E cmake_link_script CMakeFiles/cmTC_57a14.dir/link.txt --verbose=1
/usr/bin/cc CMakeFiles/cmTC_57a14.dir/PTRDIFF_T.c.o -o cmTC_57a14 
gmake[1]: Opouští se adresář „/home/user/Vysoká škola/3. Semestr/Projektová praxe/DQBDD/Release/CMakeFiles/CMakeTmp“



